Creating x86_64 directory for .o files.

/projects/ps-nsg/home/nsguser/ngbw/workspace/NGBW-JOB-NEURON74_PY_TG-B11C7FF679D34F788643F0840F90EC90/pg_net_activity_run
mod_nsgportal/ampanmda.mod mod_nsgportal/cadecay2.mod mod_nsgportal/cadecay.mod mod_nsgportal/Caint.mod mod_nsgportal/Can.mod mod_nsgportal/CaPN.mod mod_nsgportal/CaT.mod mod_nsgportal/fi.mod mod_nsgportal/GradeAMPA.mod mod_nsgportal/GradeGABA.mod mod_nsgportal/GradNMDA.mod mod_nsgportal/hpg.mod mod_nsgportal/Ih.mod mod_nsgportal/kamt.mod mod_nsgportal/KCa.mod mod_nsgportal/kdrmt.mod mod_nsgportal/kfasttab.mod mod_nsgportal/kM.mod mod_nsgportal/kslowtab.mod mod_nsgportal/KS.mod mod_nsgportal/LCa.mod mod_nsgportal/nafast.mod mod_nsgportal/NaP.mod mod_nsgportal/naxn.mod mod_nsgportal/Nicotin.mod mod_nsgportal/nmdanet.mod mod_nsgportal/OdorInput.mod mod_nsgportal/order1.mod mod_nsgportal/pnetstim.mod mod_nsgportal/thetastim.mod mod_nsgportal/ThreshDetect.mod mod_nsgportal/vecstim1.mod mod_nsgportal/vecstim.mod
ampanmda.mod cadecay2.mod cadecay.mod Caint.mod Can.mod CaPN.mod CaT.mod fi.mod GradeAMPA.mod GradeGABA.mod GradNMDA.mod hpg.mod Ih.mod kamt.mod KCa.mod kdrmt.mod kfasttab.mod kM.mod kslowtab.mod KS.mod LCa.mod nafast.mod NaP.mod naxn.mod Nicotin.mod nmdanet.mod OdorInput.mod order1.mod pnetstim.mod thetastim.mod ThreshDetect.mod vecstim1.mod vecstim.mod
"/projects/ps-nsg/home/nsguser/applications/neuron7.4/installdir/x86_64/bin/nocmodl" ampanmda
"/projects/ps-nsg/home/nsguser/applications/neuron7.4/installdir/share/nrn/libtool" --tag=CC --mode=compile mpicc -DHAVE_CONFIG_H  -I. -I.. -I"/projects/ps-nsg/home/nsguser/applications/neuron7.4/installdir/include/nrn" -I"/projects/ps-nsg/home/nsguser/applications/neuron7.4/installdir/x86_64/lib"      -g -O2 -c -o ampanmda.lo ampanmda.c
libtool: compile:  mpicc -DHAVE_CONFIG_H -I. -I.. -I/projects/ps-nsg/home/nsguser/applications/neuron7.4/installdir/include/nrn -I/projects/ps-nsg/home/nsguser/applications/neuron7.4/installdir/x86_64/lib -g -O2 -c ampanmda.c  -fPIC -DPIC -o .libs/ampanmda.o
"/projects/ps-nsg/home/nsguser/applications/neuron7.4/installdir/x86_64/bin/nocmodl" cadecay2
"/projects/ps-nsg/home/nsguser/applications/neuron7.4/installdir/share/nrn/libtool" --tag=CC --mode=compile mpicc -DHAVE_CONFIG_H  -I. -I.. -I"/projects/ps-nsg/home/nsguser/applications/neuron7.4/installdir/include/nrn" -I"/projects/ps-nsg/home/nsguser/applications/neuron7.4/installdir/x86_64/lib"      -g -O2 -c -o cadecay2.lo cadecay2.c
libtool: compile:  mpicc -DHAVE_CONFIG_H -I. -I.. -I/projects/ps-nsg/home/nsguser/applications/neuron7.4/installdir/include/nrn -I/projects/ps-nsg/home/nsguser/applications/neuron7.4/installdir/x86_64/lib -g -O2 -c cadecay2.c  -fPIC -DPIC -o .libs/cadecay2.o
"/projects/ps-nsg/home/nsguser/applications/neuron7.4/installdir/x86_64/bin/nocmodl" cadecay
"/projects/ps-nsg/home/nsguser/applications/neuron7.4/installdir/share/nrn/libtool" --tag=CC --mode=compile mpicc -DHAVE_CONFIG_H  -I. -I.. -I"/projects/ps-nsg/home/nsguser/applications/neuron7.4/installdir/include/nrn" -I"/projects/ps-nsg/home/nsguser/applications/neuron7.4/installdir/x86_64/lib"      -g -O2 -c -o cadecay.lo cadecay.c
libtool: compile:  mpicc -DHAVE_CONFIG_H -I. -I.. -I/projects/ps-nsg/home/nsguser/applications/neuron7.4/installdir/include/nrn -I/projects/ps-nsg/home/nsguser/applications/neuron7.4/installdir/x86_64/lib -g -O2 -c cadecay.c  -fPIC -DPIC -o .libs/cadecay.o
"/projects/ps-nsg/home/nsguser/applications/neuron7.4/installdir/x86_64/bin/nocmodl" Caint
"/projects/ps-nsg/home/nsguser/applications/neuron7.4/installdir/share/nrn/libtool" --tag=CC --mode=compile mpicc -DHAVE_CONFIG_H  -I. -I.. -I"/projects/ps-nsg/home/nsguser/applications/neuron7.4/installdir/include/nrn" -I"/projects/ps-nsg/home/nsguser/applications/neuron7.4/installdir/x86_64/lib"      -g -O2 -c -o Caint.lo Caint.c
libtool: compile:  mpicc -DHAVE_CONFIG_H -I. -I.. -I/projects/ps-nsg/home/nsguser/applications/neuron7.4/installdir/include/nrn -I/projects/ps-nsg/home/nsguser/applications/neuron7.4/installdir/x86_64/lib -g -O2 -c Caint.c  -fPIC -DPIC -o .libs/Caint.o
"/projects/ps-nsg/home/nsguser/applications/neuron7.4/installdir/x86_64/bin/nocmodl" Can
"/projects/ps-nsg/home/nsguser/applications/neuron7.4/installdir/share/nrn/libtool" --tag=CC --mode=compile mpicc -DHAVE_CONFIG_H  -I. -I.. -I"/projects/ps-nsg/home/nsguser/applications/neuron7.4/installdir/include/nrn" -I"/projects/ps-nsg/home/nsguser/applications/neuron7.4/installdir/x86_64/lib"      -g -O2 -c -o Can.lo Can.c
libtool: compile:  mpicc -DHAVE_CONFIG_H -I. -I.. -I/projects/ps-nsg/home/nsguser/applications/neuron7.4/installdir/include/nrn -I/projects/ps-nsg/home/nsguser/applications/neuron7.4/installdir/x86_64/lib -g -O2 -c Can.c  -fPIC -DPIC -o .libs/Can.o
"/projects/ps-nsg/home/nsguser/applications/neuron7.4/installdir/x86_64/bin/nocmodl" CaPN
"/projects/ps-nsg/home/nsguser/applications/neuron7.4/installdir/share/nrn/libtool" --tag=CC --mode=compile mpicc -DHAVE_CONFIG_H  -I. -I.. -I"/projects/ps-nsg/home/nsguser/applications/neuron7.4/installdir/include/nrn" -I"/projects/ps-nsg/home/nsguser/applications/neuron7.4/installdir/x86_64/lib"      -g -O2 -c -o CaPN.lo CaPN.c
libtool: compile:  mpicc -DHAVE_CONFIG_H -I. -I.. -I/projects/ps-nsg/home/nsguser/applications/neuron7.4/installdir/include/nrn -I/projects/ps-nsg/home/nsguser/applications/neuron7.4/installdir/x86_64/lib -g -O2 -c CaPN.c  -fPIC -DPIC -o .libs/CaPN.o
"/projects/ps-nsg/home/nsguser/applications/neuron7.4/installdir/x86_64/bin/nocmodl" CaT
"/projects/ps-nsg/home/nsguser/applications/neuron7.4/installdir/share/nrn/libtool" --tag=CC --mode=compile mpicc -DHAVE_CONFIG_H  -I. -I.. -I"/projects/ps-nsg/home/nsguser/applications/neuron7.4/installdir/include/nrn" -I"/projects/ps-nsg/home/nsguser/applications/neuron7.4/installdir/x86_64/lib"      -g -O2 -c -o CaT.lo CaT.c
libtool: compile:  mpicc -DHAVE_CONFIG_H -I. -I.. -I/projects/ps-nsg/home/nsguser/applications/neuron7.4/installdir/include/nrn -I/projects/ps-nsg/home/nsguser/applications/neuron7.4/installdir/x86_64/lib -g -O2 -c CaT.c  -fPIC -DPIC -o .libs/CaT.o
"/projects/ps-nsg/home/nsguser/applications/neuron7.4/installdir/x86_64/bin/nocmodl" fi
"/projects/ps-nsg/home/nsguser/applications/neuron7.4/installdir/share/nrn/libtool" --tag=CC --mode=compile mpicc -DHAVE_CONFIG_H  -I. -I.. -I"/projects/ps-nsg/home/nsguser/applications/neuron7.4/installdir/include/nrn" -I"/projects/ps-nsg/home/nsguser/applications/neuron7.4/installdir/x86_64/lib"      -g -O2 -c -o fi.lo fi.c
libtool: compile:  mpicc -DHAVE_CONFIG_H -I. -I.. -I/projects/ps-nsg/home/nsguser/applications/neuron7.4/installdir/include/nrn -I/projects/ps-nsg/home/nsguser/applications/neuron7.4/installdir/x86_64/lib -g -O2 -c fi.c  -fPIC -DPIC -o .libs/fi.o
"/projects/ps-nsg/home/nsguser/applications/neuron7.4/installdir/x86_64/bin/nocmodl" GradeAMPA
"/projects/ps-nsg/home/nsguser/applications/neuron7.4/installdir/share/nrn/libtool" --tag=CC --mode=compile mpicc -DHAVE_CONFIG_H  -I. -I.. -I"/projects/ps-nsg/home/nsguser/applications/neuron7.4/installdir/include/nrn" -I"/projects/ps-nsg/home/nsguser/applications/neuron7.4/installdir/x86_64/lib"      -g -O2 -c -o GradeAMPA.lo GradeAMPA.c
libtool: compile:  mpicc -DHAVE_CONFIG_H -I. -I.. -I/projects/ps-nsg/home/nsguser/applications/neuron7.4/installdir/include/nrn -I/projects/ps-nsg/home/nsguser/applications/neuron7.4/installdir/x86_64/lib -g -O2 -c GradeAMPA.c  -fPIC -DPIC -o .libs/GradeAMPA.o
"/projects/ps-nsg/home/nsguser/applications/neuron7.4/installdir/x86_64/bin/nocmodl" GradeGABA
"/projects/ps-nsg/home/nsguser/applications/neuron7.4/installdir/share/nrn/libtool" --tag=CC --mode=compile mpicc -DHAVE_CONFIG_H  -I. -I.. -I"/projects/ps-nsg/home/nsguser/applications/neuron7.4/installdir/include/nrn" -I"/projects/ps-nsg/home/nsguser/applications/neuron7.4/installdir/x86_64/lib"      -g -O2 -c -o GradeGABA.lo GradeGABA.c
libtool: compile:  mpicc -DHAVE_CONFIG_H -I. -I.. -I/projects/ps-nsg/home/nsguser/applications/neuron7.4/installdir/include/nrn -I/projects/ps-nsg/home/nsguser/applications/neuron7.4/installdir/x86_64/lib -g -O2 -c GradeGABA.c  -fPIC -DPIC -o .libs/GradeGABA.o
"/projects/ps-nsg/home/nsguser/applications/neuron7.4/installdir/x86_64/bin/nocmodl" GradNMDA
"/projects/ps-nsg/home/nsguser/applications/neuron7.4/installdir/share/nrn/libtool" --tag=CC --mode=compile mpicc -DHAVE_CONFIG_H  -I. -I.. -I"/projects/ps-nsg/home/nsguser/applications/neuron7.4/installdir/include/nrn" -I"/projects/ps-nsg/home/nsguser/applications/neuron7.4/installdir/x86_64/lib"      -g -O2 -c -o GradNMDA.lo GradNMDA.c
libtool: compile:  mpicc -DHAVE_CONFIG_H -I. -I.. -I/projects/ps-nsg/home/nsguser/applications/neuron7.4/installdir/include/nrn -I/projects/ps-nsg/home/nsguser/applications/neuron7.4/installdir/x86_64/lib -g -O2 -c GradNMDA.c  -fPIC -DPIC -o .libs/GradNMDA.o
"/projects/ps-nsg/home/nsguser/applications/neuron7.4/installdir/x86_64/bin/nocmodl" hpg
"/projects/ps-nsg/home/nsguser/applications/neuron7.4/installdir/share/nrn/libtool" --tag=CC --mode=compile mpicc -DHAVE_CONFIG_H  -I. -I.. -I"/projects/ps-nsg/home/nsguser/applications/neuron7.4/installdir/include/nrn" -I"/projects/ps-nsg/home/nsguser/applications/neuron7.4/installdir/x86_64/lib"      -g -O2 -c -o hpg.lo hpg.c
libtool: compile:  mpicc -DHAVE_CONFIG_H -I. -I.. -I/projects/ps-nsg/home/nsguser/applications/neuron7.4/installdir/include/nrn -I/projects/ps-nsg/home/nsguser/applications/neuron7.4/installdir/x86_64/lib -g -O2 -c hpg.c  -fPIC -DPIC -o .libs/hpg.o
"/projects/ps-nsg/home/nsguser/applications/neuron7.4/installdir/x86_64/bin/nocmodl" Ih
Warning: Default -32.9 of PARAMETER eh will be ignored and set by NEURON.
"/projects/ps-nsg/home/nsguser/applications/neuron7.4/installdir/share/nrn/libtool" --tag=CC --mode=compile mpicc -DHAVE_CONFIG_H  -I. -I.. -I"/projects/ps-nsg/home/nsguser/applications/neuron7.4/installdir/include/nrn" -I"/projects/ps-nsg/home/nsguser/applications/neuron7.4/installdir/x86_64/lib"      -g -O2 -c -o Ih.lo Ih.c
libtool: compile:  mpicc -DHAVE_CONFIG_H -I. -I.. -I/projects/ps-nsg/home/nsguser/applications/neuron7.4/installdir/include/nrn -I/projects/ps-nsg/home/nsguser/applications/neuron7.4/installdir/x86_64/lib -g -O2 -c Ih.c  -fPIC -DPIC -o .libs/Ih.o
"/projects/ps-nsg/home/nsguser/applications/neuron7.4/installdir/x86_64/bin/nocmodl" kamt
Warning: Default -70 of PARAMETER ek will be ignored and set by NEURON.
"/projects/ps-nsg/home/nsguser/applications/neuron7.4/installdir/share/nrn/libtool" --tag=CC --mode=compile mpicc -DHAVE_CONFIG_H  -I. -I.. -I"/projects/ps-nsg/home/nsguser/applications/neuron7.4/installdir/include/nrn" -I"/projects/ps-nsg/home/nsguser/applications/neuron7.4/installdir/x86_64/lib"      -g -O2 -c -o kamt.lo kamt.c
libtool: compile:  mpicc -DHAVE_CONFIG_H -I. -I.. -I/projects/ps-nsg/home/nsguser/applications/neuron7.4/installdir/include/nrn -I/projects/ps-nsg/home/nsguser/applications/neuron7.4/installdir/x86_64/lib -g -O2 -c kamt.c  -fPIC -DPIC -o .libs/kamt.o
"/projects/ps-nsg/home/nsguser/applications/neuron7.4/installdir/x86_64/bin/nocmodl" KCa
Warning: Default -80 of PARAMETER ek will be ignored and set by NEURON.
"/projects/ps-nsg/home/nsguser/applications/neuron7.4/installdir/share/nrn/libtool" --tag=CC --mode=compile mpicc -DHAVE_CONFIG_H  -I. -I.. -I"/projects/ps-nsg/home/nsguser/applications/neuron7.4/installdir/include/nrn" -I"/projects/ps-nsg/home/nsguser/applications/neuron7.4/installdir/x86_64/lib"      -g -O2 -c -o KCa.lo KCa.c
libtool: compile:  mpicc -DHAVE_CONFIG_H -I. -I.. -I/projects/ps-nsg/home/nsguser/applications/neuron7.4/installdir/include/nrn -I/projects/ps-nsg/home/nsguser/applications/neuron7.4/installdir/x86_64/lib -g -O2 -c KCa.c  -fPIC -DPIC -o .libs/KCa.o
"/projects/ps-nsg/home/nsguser/applications/neuron7.4/installdir/x86_64/bin/nocmodl" kdrmt
"/projects/ps-nsg/home/nsguser/applications/neuron7.4/installdir/share/nrn/libtool" --tag=CC --mode=compile mpicc -DHAVE_CONFIG_H  -I. -I.. -I"/projects/ps-nsg/home/nsguser/applications/neuron7.4/installdir/include/nrn" -I"/projects/ps-nsg/home/nsguser/applications/neuron7.4/installdir/x86_64/lib"      -g -O2 -c -o kdrmt.lo kdrmt.c
libtool: compile:  mpicc -DHAVE_CONFIG_H -I. -I.. -I/projects/ps-nsg/home/nsguser/applications/neuron7.4/installdir/include/nrn -I/projects/ps-nsg/home/nsguser/applications/neuron7.4/installdir/x86_64/lib -g -O2 -c kdrmt.c  -fPIC -DPIC -o .libs/kdrmt.o
"/projects/ps-nsg/home/nsguser/applications/neuron7.4/installdir/x86_64/bin/nocmodl" kfasttab
Warning: Default -70 of PARAMETER ek will be ignored and set by NEURON.
"/projects/ps-nsg/home/nsguser/applications/neuron7.4/installdir/share/nrn/libtool" --tag=CC --mode=compile mpicc -DHAVE_CONFIG_H  -I. -I.. -I"/projects/ps-nsg/home/nsguser/applications/neuron7.4/installdir/include/nrn" -I"/projects/ps-nsg/home/nsguser/applications/neuron7.4/installdir/x86_64/lib"      -g -O2 -c -o kfasttab.lo kfasttab.c
libtool: compile:  mpicc -DHAVE_CONFIG_H -I. -I.. -I/projects/ps-nsg/home/nsguser/applications/neuron7.4/installdir/include/nrn -I/projects/ps-nsg/home/nsguser/applications/neuron7.4/installdir/x86_64/lib -g -O2 -c kfasttab.c  -fPIC -DPIC -o .libs/kfasttab.o
"/projects/ps-nsg/home/nsguser/applications/neuron7.4/installdir/x86_64/bin/nocmodl" kM
Warning: Default -70 of PARAMETER ek will be ignored and set by NEURON.
"/projects/ps-nsg/home/nsguser/applications/neuron7.4/installdir/share/nrn/libtool" --tag=CC --mode=compile mpicc -DHAVE_CONFIG_H  -I. -I.. -I"/projects/ps-nsg/home/nsguser/applications/neuron7.4/installdir/include/nrn" -I"/projects/ps-nsg/home/nsguser/applications/neuron7.4/installdir/x86_64/lib"      -g -O2 -c -o kM.lo kM.c
libtool: compile:  mpicc -DHAVE_CONFIG_H -I. -I.. -I/projects/ps-nsg/home/nsguser/applications/neuron7.4/installdir/include/nrn -I/projects/ps-nsg/home/nsguser/applications/neuron7.4/installdir/x86_64/lib -g -O2 -c kM.c  -fPIC -DPIC -o .libs/kM.o
"/projects/ps-nsg/home/nsguser/applications/neuron7.4/installdir/x86_64/bin/nocmodl" kslowtab
Warning: Default -70 of PARAMETER ek will be ignored and set by NEURON.
"/projects/ps-nsg/home/nsguser/applications/neuron7.4/installdir/share/nrn/libtool" --tag=CC --mode=compile mpicc -DHAVE_CONFIG_H  -I. -I.. -I"/projects/ps-nsg/home/nsguser/applications/neuron7.4/installdir/include/nrn" -I"/projects/ps-nsg/home/nsguser/applications/neuron7.4/installdir/x86_64/lib"      -g -O2 -c -o kslowtab.lo kslowtab.c
libtool: compile:  mpicc -DHAVE_CONFIG_H -I. -I.. -I/projects/ps-nsg/home/nsguser/applications/neuron7.4/installdir/include/nrn -I/projects/ps-nsg/home/nsguser/applications/neuron7.4/installdir/x86_64/lib -g -O2 -c kslowtab.c  -fPIC -DPIC -o .libs/kslowtab.o
"/projects/ps-nsg/home/nsguser/applications/neuron7.4/installdir/x86_64/bin/nocmodl" KS
Warning: Default -70 of PARAMETER ek will be ignored and set by NEURON.
"/projects/ps-nsg/home/nsguser/applications/neuron7.4/installdir/share/nrn/libtool" --tag=CC --mode=compile mpicc -DHAVE_CONFIG_H  -I. -I.. -I"/projects/ps-nsg/home/nsguser/applications/neuron7.4/installdir/include/nrn" -I"/projects/ps-nsg/home/nsguser/applications/neuron7.4/installdir/x86_64/lib"      -g -O2 -c -o KS.lo KS.c
libtool: compile:  mpicc -DHAVE_CONFIG_H -I. -I.. -I/projects/ps-nsg/home/nsguser/applications/neuron7.4/installdir/include/nrn -I/projects/ps-nsg/home/nsguser/applications/neuron7.4/installdir/x86_64/lib -g -O2 -c KS.c  -fPIC -DPIC -o .libs/KS.o
"/projects/ps-nsg/home/nsguser/applications/neuron7.4/installdir/x86_64/bin/nocmodl" LCa
"/projects/ps-nsg/home/nsguser/applications/neuron7.4/installdir/share/nrn/libtool" --tag=CC --mode=compile mpicc -DHAVE_CONFIG_H  -I. -I.. -I"/projects/ps-nsg/home/nsguser/applications/neuron7.4/installdir/include/nrn" -I"/projects/ps-nsg/home/nsguser/applications/neuron7.4/installdir/x86_64/lib"      -g -O2 -c -o LCa.lo LCa.c
libtool: compile:  mpicc -DHAVE_CONFIG_H -I. -I.. -I/projects/ps-nsg/home/nsguser/applications/neuron7.4/installdir/include/nrn -I/projects/ps-nsg/home/nsguser/applications/neuron7.4/installdir/x86_64/lib -g -O2 -c LCa.c  -fPIC -DPIC -o .libs/LCa.o
"/projects/ps-nsg/home/nsguser/applications/neuron7.4/installdir/x86_64/bin/nocmodl" nafast
Warning: Default 45 of PARAMETER ena will be ignored and set by NEURON.
"/projects/ps-nsg/home/nsguser/applications/neuron7.4/installdir/share/nrn/libtool" --tag=CC --mode=compile mpicc -DHAVE_CONFIG_H  -I. -I.. -I"/projects/ps-nsg/home/nsguser/applications/neuron7.4/installdir/include/nrn" -I"/projects/ps-nsg/home/nsguser/applications/neuron7.4/installdir/x86_64/lib"      -g -O2 -c -o nafast.lo nafast.c
libtool: compile:  mpicc -DHAVE_CONFIG_H -I. -I.. -I/projects/ps-nsg/home/nsguser/applications/neuron7.4/installdir/include/nrn -I/projects/ps-nsg/home/nsguser/applications/neuron7.4/installdir/x86_64/lib -g -O2 -c nafast.c  -fPIC -DPIC -o .libs/nafast.o
"/projects/ps-nsg/home/nsguser/applications/neuron7.4/installdir/x86_64/bin/nocmodl" NaP
Warning: Default 45 of PARAMETER ena will be ignored and set by NEURON.
"/projects/ps-nsg/home/nsguser/applications/neuron7.4/installdir/share/nrn/libtool" --tag=CC --mode=compile mpicc -DHAVE_CONFIG_H  -I. -I.. -I"/projects/ps-nsg/home/nsguser/applications/neuron7.4/installdir/include/nrn" -I"/projects/ps-nsg/home/nsguser/applications/neuron7.4/installdir/x86_64/lib"      -g -O2 -c -o NaP.lo NaP.c
libtool: compile:  mpicc -DHAVE_CONFIG_H -I. -I.. -I/projects/ps-nsg/home/nsguser/applications/neuron7.4/installdir/include/nrn -I/projects/ps-nsg/home/nsguser/applications/neuron7.4/installdir/x86_64/lib -g -O2 -c NaP.c  -fPIC -DPIC -o .libs/NaP.o
"/projects/ps-nsg/home/nsguser/applications/neuron7.4/installdir/x86_64/bin/nocmodl" naxn
"/projects/ps-nsg/home/nsguser/applications/neuron7.4/installdir/share/nrn/libtool" --tag=CC --mode=compile mpicc -DHAVE_CONFIG_H  -I. -I.. -I"/projects/ps-nsg/home/nsguser/applications/neuron7.4/installdir/include/nrn" -I"/projects/ps-nsg/home/nsguser/applications/neuron7.4/installdir/x86_64/lib"      -g -O2 -c -o naxn.lo naxn.c
libtool: compile:  mpicc -DHAVE_CONFIG_H -I. -I.. -I/projects/ps-nsg/home/nsguser/applications/neuron7.4/installdir/include/nrn -I/projects/ps-nsg/home/nsguser/applications/neuron7.4/installdir/x86_64/lib -g -O2 -c naxn.c  -fPIC -DPIC -o .libs/naxn.o
"/projects/ps-nsg/home/nsguser/applications/neuron7.4/installdir/x86_64/bin/nocmodl" Nicotin
"/projects/ps-nsg/home/nsguser/applications/neuron7.4/installdir/share/nrn/libtool" --tag=CC --mode=compile mpicc -DHAVE_CONFIG_H  -I. -I.. -I"/projects/ps-nsg/home/nsguser/applications/neuron7.4/installdir/include/nrn" -I"/projects/ps-nsg/home/nsguser/applications/neuron7.4/installdir/x86_64/lib"      -g -O2 -c -o Nicotin.lo Nicotin.c
libtool: compile:  mpicc -DHAVE_CONFIG_H -I. -I.. -I/projects/ps-nsg/home/nsguser/applications/neuron7.4/installdir/include/nrn -I/projects/ps-nsg/home/nsguser/applications/neuron7.4/installdir/x86_64/lib -g -O2 -c Nicotin.c  -fPIC -DPIC -o .libs/Nicotin.o
"/projects/ps-nsg/home/nsguser/applications/neuron7.4/installdir/x86_64/bin/nocmodl" nmdanet
"/projects/ps-nsg/home/nsguser/applications/neuron7.4/installdir/share/nrn/libtool" --tag=CC --mode=compile mpicc -DHAVE_CONFIG_H  -I. -I.. -I"/projects/ps-nsg/home/nsguser/applications/neuron7.4/installdir/include/nrn" -I"/projects/ps-nsg/home/nsguser/applications/neuron7.4/installdir/x86_64/lib"      -g -O2 -c -o nmdanet.lo nmdanet.c
libtool: compile:  mpicc -DHAVE_CONFIG_H -I. -I.. -I/projects/ps-nsg/home/nsguser/applications/neuron7.4/installdir/include/nrn -I/projects/ps-nsg/home/nsguser/applications/neuron7.4/installdir/x86_64/lib -g -O2 -c nmdanet.c  -fPIC -DPIC -o .libs/nmdanet.o
"/projects/ps-nsg/home/nsguser/applications/neuron7.4/installdir/x86_64/bin/nocmodl" OdorInput
"/projects/ps-nsg/home/nsguser/applications/neuron7.4/installdir/share/nrn/libtool" --tag=CC --mode=compile mpicc -DHAVE_CONFIG_H  -I. -I.. -I"/projects/ps-nsg/home/nsguser/applications/neuron7.4/installdir/include/nrn" -I"/projects/ps-nsg/home/nsguser/applications/neuron7.4/installdir/x86_64/lib"      -g -O2 -c -o OdorInput.lo OdorInput.c
libtool: compile:  mpicc -DHAVE_CONFIG_H -I. -I.. -I/projects/ps-nsg/home/nsguser/applications/neuron7.4/installdir/include/nrn -I/projects/ps-nsg/home/nsguser/applications/neuron7.4/installdir/x86_64/lib -g -O2 -c OdorInput.c  -fPIC -DPIC -o .libs/OdorInput.o
"/projects/ps-nsg/home/nsguser/applications/neuron7.4/installdir/x86_64/bin/nocmodl" order1
"/projects/ps-nsg/home/nsguser/applications/neuron7.4/installdir/share/nrn/libtool" --tag=CC --mode=compile mpicc -DHAVE_CONFIG_H  -I. -I.. -I"/projects/ps-nsg/home/nsguser/applications/neuron7.4/installdir/include/nrn" -I"/projects/ps-nsg/home/nsguser/applications/neuron7.4/installdir/x86_64/lib"      -g -O2 -c -o order1.lo order1.c
libtool: compile:  mpicc -DHAVE_CONFIG_H -I. -I.. -I/projects/ps-nsg/home/nsguser/applications/neuron7.4/installdir/include/nrn -I/projects/ps-nsg/home/nsguser/applications/neuron7.4/installdir/x86_64/lib -g -O2 -c order1.c  -fPIC -DPIC -o .libs/order1.o
"/projects/ps-nsg/home/nsguser/applications/neuron7.4/installdir/x86_64/bin/nocmodl" pnetstim
Notice: ARTIFICIAL_CELL is a synonym for POINT_PROCESS which hints that it
only affects and is affected by discrete events. As such it is not
located in a section and is not associated with an integrator
"/projects/ps-nsg/home/nsguser/applications/neuron7.4/installdir/share/nrn/libtool" --tag=CC --mode=compile mpicc -DHAVE_CONFIG_H  -I. -I.. -I"/projects/ps-nsg/home/nsguser/applications/neuron7.4/installdir/include/nrn" -I"/projects/ps-nsg/home/nsguser/applications/neuron7.4/installdir/x86_64/lib"      -g -O2 -c -o pnetstim.lo pnetstim.c
libtool: compile:  mpicc -DHAVE_CONFIG_H -I. -I.. -I/projects/ps-nsg/home/nsguser/applications/neuron7.4/installdir/include/nrn -I/projects/ps-nsg/home/nsguser/applications/neuron7.4/installdir/x86_64/lib -g -O2 -c pnetstim.c  -fPIC -DPIC -o .libs/pnetstim.o
"/projects/ps-nsg/home/nsguser/applications/neuron7.4/installdir/x86_64/bin/nocmodl" thetastim
Notice: ARTIFICIAL_CELL is a synonym for POINT_PROCESS which hints that it
only affects and is affected by discrete events. As such it is not
located in a section and is not associated with an integrator
"/projects/ps-nsg/home/nsguser/applications/neuron7.4/installdir/share/nrn/libtool" --tag=CC --mode=compile mpicc -DHAVE_CONFIG_H  -I. -I.. -I"/projects/ps-nsg/home/nsguser/applications/neuron7.4/installdir/include/nrn" -I"/projects/ps-nsg/home/nsguser/applications/neuron7.4/installdir/x86_64/lib"      -g -O2 -c -o thetastim.lo thetastim.c
libtool: compile:  mpicc -DHAVE_CONFIG_H -I. -I.. -I/projects/ps-nsg/home/nsguser/applications/neuron7.4/installdir/include/nrn -I/projects/ps-nsg/home/nsguser/applications/neuron7.4/installdir/x86_64/lib -g -O2 -c thetastim.c  -fPIC -DPIC -o .libs/thetastim.o
"/projects/ps-nsg/home/nsguser/applications/neuron7.4/installdir/x86_64/bin/nocmodl" ThreshDetect
"/projects/ps-nsg/home/nsguser/applications/neuron7.4/installdir/share/nrn/libtool" --tag=CC --mode=compile mpicc -DHAVE_CONFIG_H  -I. -I.. -I"/projects/ps-nsg/home/nsguser/applications/neuron7.4/installdir/include/nrn" -I"/projects/ps-nsg/home/nsguser/applications/neuron7.4/installdir/x86_64/lib"      -g -O2 -c -o ThreshDetect.lo ThreshDetect.c
libtool: compile:  mpicc -DHAVE_CONFIG_H -I. -I.. -I/projects/ps-nsg/home/nsguser/applications/neuron7.4/installdir/include/nrn -I/projects/ps-nsg/home/nsguser/applications/neuron7.4/installdir/x86_64/lib -g -O2 -c ThreshDetect.c  -fPIC -DPIC -o .libs/ThreshDetect.o
"/projects/ps-nsg/home/nsguser/applications/neuron7.4/installdir/x86_64/bin/nocmodl" vecstim1
Notice: ARTIFICIAL_CELL is a synonym for POINT_PROCESS which hints that it
only affects and is affected by discrete events. As such it is not
located in a section and is not associated with an integrator
"/projects/ps-nsg/home/nsguser/applications/neuron7.4/installdir/share/nrn/libtool" --tag=CC --mode=compile mpicc -DHAVE_CONFIG_H  -I. -I.. -I"/projects/ps-nsg/home/nsguser/applications/neuron7.4/installdir/include/nrn" -I"/projects/ps-nsg/home/nsguser/applications/neuron7.4/installdir/x86_64/lib"      -g -O2 -c -o vecstim1.lo vecstim1.c
libtool: compile:  mpicc -DHAVE_CONFIG_H -I. -I.. -I/projects/ps-nsg/home/nsguser/applications/neuron7.4/installdir/include/nrn -I/projects/ps-nsg/home/nsguser/applications/neuron7.4/installdir/x86_64/lib -g -O2 -c vecstim1.c  -fPIC -DPIC -o .libs/vecstim1.o
"/projects/ps-nsg/home/nsguser/applications/neuron7.4/installdir/x86_64/bin/nocmodl" vecstim
"/projects/ps-nsg/home/nsguser/applications/neuron7.4/installdir/share/nrn/libtool" --tag=CC --mode=compile mpicc -DHAVE_CONFIG_H  -I. -I.. -I"/projects/ps-nsg/home/nsguser/applications/neuron7.4/installdir/include/nrn" -I"/projects/ps-nsg/home/nsguser/applications/neuron7.4/installdir/x86_64/lib"      -g -O2 -c -o vecstim.lo vecstim.c
libtool: compile:  mpicc -DHAVE_CONFIG_H -I. -I.. -I/projects/ps-nsg/home/nsguser/applications/neuron7.4/installdir/include/nrn -I/projects/ps-nsg/home/nsguser/applications/neuron7.4/installdir/x86_64/lib -g -O2 -c vecstim.c  -fPIC -DPIC -o .libs/vecstim.o
"/projects/ps-nsg/home/nsguser/applications/neuron7.4/installdir/share/nrn/libtool" --tag=CC --mode=compile mpicc -DHAVE_CONFIG_H  -I. -I.. -I"/projects/ps-nsg/home/nsguser/applications/neuron7.4/installdir/include/nrn" -I"/projects/ps-nsg/home/nsguser/applications/neuron7.4/installdir/x86_64/lib"      -g -O2 -c -o mod_func.lo mod_func.c
libtool: compile:  mpicc -DHAVE_CONFIG_H -I. -I.. -I/projects/ps-nsg/home/nsguser/applications/neuron7.4/installdir/include/nrn -I/projects/ps-nsg/home/nsguser/applications/neuron7.4/installdir/x86_64/lib -g -O2 -c mod_func.c  -fPIC -DPIC -o .libs/mod_func.o
"/projects/ps-nsg/home/nsguser/applications/neuron7.4/installdir/share/nrn/libtool" --tag=CC --mode=link mpicc -module  -g -O2    -o libnrnmech.la -rpath "/projects/ps-nsg/home/nsguser/applications/neuron7.4/installdir/x86_64/lib"  ampanmda.lo cadecay2.lo cadecay.lo Caint.lo Can.lo CaPN.lo CaT.lo fi.lo GradeAMPA.lo GradeGABA.lo GradNMDA.lo hpg.lo Ih.lo kamt.lo KCa.lo kdrmt.lo kfasttab.lo kM.lo kslowtab.lo KS.lo LCa.lo nafast.lo NaP.lo naxn.lo Nicotin.lo nmdanet.lo OdorInput.lo order1.lo pnetstim.lo thetastim.lo ThreshDetect.lo vecstim1.lo vecstim.lo mod_func.lo  -L"/projects/ps-nsg/home/nsguser/applications/neuron7.4/installdir/x86_64/lib" -lnrnoc -loc -lmemacs -lnrnmpi -lscopmath -lsparse13 -lreadline -lncurses -L"/projects/ps-nsg/home/nsguser/applications/neuron7.4/installdir/x86_64/lib" "/projects/ps-nsg/home/nsguser/applications/neuron7.4/installdir/x86_64/lib/libnrniv.la" -livoc -lneuron_gnu -lmeschach -lsundials -livos      -lm -ldl
libtool: link: mpicc -shared  -fPIC -DPIC  .libs/ampanmda.o .libs/cadecay2.o .libs/cadecay.o .libs/Caint.o .libs/Can.o .libs/CaPN.o .libs/CaT.o .libs/fi.o .libs/GradeAMPA.o .libs/GradeGABA.o .libs/GradNMDA.o .libs/hpg.o .libs/Ih.o .libs/kamt.o .libs/KCa.o .libs/kdrmt.o .libs/kfasttab.o .libs/kM.o .libs/kslowtab.o .libs/KS.o .libs/LCa.o .libs/nafast.o .libs/NaP.o .libs/naxn.o .libs/Nicotin.o .libs/nmdanet.o .libs/OdorInput.o .libs/order1.o .libs/pnetstim.o .libs/thetastim.o .libs/ThreshDetect.o .libs/vecstim1.o .libs/vecstim.o .libs/mod_func.o   -Wl,-rpath -Wl,/projects/ps-nsg/home/nsguser/applications/neuron7.4/installdir/x86_64/lib -Wl,-rpath -Wl,/projects/ps-nsg/home/nsguser/applications/neuron7.4/installdir/x86_64/lib -L/projects/ps-nsg/home/nsguser/applications/neuron7.4/installdir/x86_64/lib /projects/ps-nsg/home/nsguser/applications/neuron7.4/installdir/x86_64/lib/libnrnoc.so /projects/ps-nsg/home/nsguser/applications/neuron7.4/installdir/x86_64/lib/liboc.so /projects/ps-nsg/home/nsguser/applications/neuron7.4/installdir/x86_64/lib/libmemacs.so /projects/ps-nsg/home/nsguser/applications/neuron7.4/installdir/x86_64/lib/libnrnmpi.so /projects/ps-nsg/home/nsguser/applications/neuron7.4/installdir/x86_64/lib/libscopmath.so /projects/ps-nsg/home/nsguser/applications/neuron7.4/installdir/x86_64/lib/libsparse13.so -lreadline -lncurses /projects/ps-nsg/home/nsguser/applications/neuron7.4/installdir/x86_64/lib/libnrniv.so /projects/ps-nsg/home/nsguser/applications/neuron7.4/installdir/x86_64/lib/libivoc.so /projects/ps-nsg/home/nsguser/applications/neuron7.4/installdir/x86_64/lib/libneuron_gnu.so /projects/ps-nsg/home/nsguser/applications/neuron7.4/installdir/x86_64/lib/libmeschach.so /projects/ps-nsg/home/nsguser/applications/neuron7.4/installdir/x86_64/lib/libsundials.so /projects/ps-nsg/home/nsguser/applications/neuron7.4/installdir/x86_64/lib/libivos.so -lm -ldl  -O2   -pthread -Wl,-soname -Wl,libnrnmech.so.0 -o .libs/libnrnmech.so.0.0.0
libtool: link: (cd ".libs" && rm -f "libnrnmech.so.0" && ln -s "libnrnmech.so.0.0.0" "libnrnmech.so.0")
libtool: link: (cd ".libs" && rm -f "libnrnmech.so" && ln -s "libnrnmech.so.0.0.0" "libnrnmech.so")
libtool: link: ( cd ".libs" && rm -f "libnrnmech.la" && ln -s "../libnrnmech.la" "libnrnmech.la" )
Successfully created x86_64/special
nrnivmodl pg_net_activity_run/mod_nsgportal succeeded
Creating x86_64 directory for .o files.

/projects/ps-nsg/home/nsguser/ngbw/workspace/NGBW-JOB-NEURON74_PY_TG-E3B7E4F1C7B1412DB3F77DCBB5CE5683/pg_net_activity_run
mod_nsgportal/ampanmda.mod mod_nsgportal/cadecay2.mod mod_nsgportal/cadecay.mod mod_nsgportal/Caint.mod mod_nsgportal/Can.mod mod_nsgportal/CaPN.mod mod_nsgportal/CaT.mod mod_nsgportal/fi.mod mod_nsgportal/GradeAMPA.mod mod_nsgportal/GradeGABA.mod mod_nsgportal/GradNMDA.mod mod_nsgportal/hpg.mod mod_nsgportal/Ih.mod mod_nsgportal/kamt.mod mod_nsgportal/KCa.mod mod_nsgportal/kdrmt.mod mod_nsgportal/kfasttab.mod mod_nsgportal/kM.mod mod_nsgportal/kslowtab.mod mod_nsgportal/KS.mod mod_nsgportal/LCa.mod mod_nsgportal/nafast.mod mod_nsgportal/NaP.mod mod_nsgportal/naxn.mod mod_nsgportal/Nicotin.mod mod_nsgportal/nmdanet.mod mod_nsgportal/OdorInput.mod mod_nsgportal/order1.mod mod_nsgportal/pnetstim.mod mod_nsgportal/thetastim.mod mod_nsgportal/ThreshDetect.mod mod_nsgportal/vecstim1.mod mod_nsgportal/vecstim.mod
ampanmda.mod cadecay2.mod cadecay.mod Caint.mod Can.mod CaPN.mod CaT.mod fi.mod GradeAMPA.mod GradeGABA.mod GradNMDA.mod hpg.mod Ih.mod kamt.mod KCa.mod kdrmt.mod kfasttab.mod kM.mod kslowtab.mod KS.mod LCa.mod nafast.mod NaP.mod naxn.mod Nicotin.mod nmdanet.mod OdorInput.mod order1.mod pnetstim.mod thetastim.mod ThreshDetect.mod vecstim1.mod vecstim.mod
"/projects/ps-nsg/home/nsguser/applications/neuron7.4/installdir/x86_64/bin/nocmodl" ampanmda
"/projects/ps-nsg/home/nsguser/applications/neuron7.4/installdir/share/nrn/libtool" --tag=CC --mode=compile mpicc -DHAVE_CONFIG_H  -I. -I.. -I"/projects/ps-nsg/home/nsguser/applications/neuron7.4/installdir/include/nrn" -I"/projects/ps-nsg/home/nsguser/applications/neuron7.4/installdir/x86_64/lib"      -g -O2 -c -o ampanmda.lo ampanmda.c
libtool: compile:  mpicc -DHAVE_CONFIG_H -I. -I.. -I/projects/ps-nsg/home/nsguser/applications/neuron7.4/installdir/include/nrn -I/projects/ps-nsg/home/nsguser/applications/neuron7.4/installdir/x86_64/lib -g -O2 -c ampanmda.c  -fPIC -DPIC -o .libs/ampanmda.o
"/projects/ps-nsg/home/nsguser/applications/neuron7.4/installdir/x86_64/bin/nocmodl" cadecay2
"/projects/ps-nsg/home/nsguser/applications/neuron7.4/installdir/share/nrn/libtool" --tag=CC --mode=compile mpicc -DHAVE_CONFIG_H  -I. -I.. -I"/projects/ps-nsg/home/nsguser/applications/neuron7.4/installdir/include/nrn" -I"/projects/ps-nsg/home/nsguser/applications/neuron7.4/installdir/x86_64/lib"      -g -O2 -c -o cadecay2.lo cadecay2.c
libtool: compile:  mpicc -DHAVE_CONFIG_H -I. -I.. -I/projects/ps-nsg/home/nsguser/applications/neuron7.4/installdir/include/nrn -I/projects/ps-nsg/home/nsguser/applications/neuron7.4/installdir/x86_64/lib -g -O2 -c cadecay2.c  -fPIC -DPIC -o .libs/cadecay2.o
"/projects/ps-nsg/home/nsguser/applications/neuron7.4/installdir/x86_64/bin/nocmodl" cadecay
"/projects/ps-nsg/home/nsguser/applications/neuron7.4/installdir/share/nrn/libtool" --tag=CC --mode=compile mpicc -DHAVE_CONFIG_H  -I. -I.. -I"/projects/ps-nsg/home/nsguser/applications/neuron7.4/installdir/include/nrn" -I"/projects/ps-nsg/home/nsguser/applications/neuron7.4/installdir/x86_64/lib"      -g -O2 -c -o cadecay.lo cadecay.c
libtool: compile:  mpicc -DHAVE_CONFIG_H -I. -I.. -I/projects/ps-nsg/home/nsguser/applications/neuron7.4/installdir/include/nrn -I/projects/ps-nsg/home/nsguser/applications/neuron7.4/installdir/x86_64/lib -g -O2 -c cadecay.c  -fPIC -DPIC -o .libs/cadecay.o
"/projects/ps-nsg/home/nsguser/applications/neuron7.4/installdir/x86_64/bin/nocmodl" Caint
"/projects/ps-nsg/home/nsguser/applications/neuron7.4/installdir/share/nrn/libtool" --tag=CC --mode=compile mpicc -DHAVE_CONFIG_H  -I. -I.. -I"/projects/ps-nsg/home/nsguser/applications/neuron7.4/installdir/include/nrn" -I"/projects/ps-nsg/home/nsguser/applications/neuron7.4/installdir/x86_64/lib"      -g -O2 -c -o Caint.lo Caint.c
libtool: compile:  mpicc -DHAVE_CONFIG_H -I. -I.. -I/projects/ps-nsg/home/nsguser/applications/neuron7.4/installdir/include/nrn -I/projects/ps-nsg/home/nsguser/applications/neuron7.4/installdir/x86_64/lib -g -O2 -c Caint.c  -fPIC -DPIC -o .libs/Caint.o
"/projects/ps-nsg/home/nsguser/applications/neuron7.4/installdir/x86_64/bin/nocmodl" Can
"/projects/ps-nsg/home/nsguser/applications/neuron7.4/installdir/share/nrn/libtool" --tag=CC --mode=compile mpicc -DHAVE_CONFIG_H  -I. -I.. -I"/projects/ps-nsg/home/nsguser/applications/neuron7.4/installdir/include/nrn" -I"/projects/ps-nsg/home/nsguser/applications/neuron7.4/installdir/x86_64/lib"      -g -O2 -c -o Can.lo Can.c
libtool: compile:  mpicc -DHAVE_CONFIG_H -I. -I.. -I/projects/ps-nsg/home/nsguser/applications/neuron7.4/installdir/include/nrn -I/projects/ps-nsg/home/nsguser/applications/neuron7.4/installdir/x86_64/lib -g -O2 -c Can.c  -fPIC -DPIC -o .libs/Can.o
"/projects/ps-nsg/home/nsguser/applications/neuron7.4/installdir/x86_64/bin/nocmodl" CaPN
"/projects/ps-nsg/home/nsguser/applications/neuron7.4/installdir/share/nrn/libtool" --tag=CC --mode=compile mpicc -DHAVE_CONFIG_H  -I. -I.. -I"/projects/ps-nsg/home/nsguser/applications/neuron7.4/installdir/include/nrn" -I"/projects/ps-nsg/home/nsguser/applications/neuron7.4/installdir/x86_64/lib"      -g -O2 -c -o CaPN.lo CaPN.c
libtool: compile:  mpicc -DHAVE_CONFIG_H -I. -I.. -I/projects/ps-nsg/home/nsguser/applications/neuron7.4/installdir/include/nrn -I/projects/ps-nsg/home/nsguser/applications/neuron7.4/installdir/x86_64/lib -g -O2 -c CaPN.c  -fPIC -DPIC -o .libs/CaPN.o
"/projects/ps-nsg/home/nsguser/applications/neuron7.4/installdir/x86_64/bin/nocmodl" CaT
"/projects/ps-nsg/home/nsguser/applications/neuron7.4/installdir/share/nrn/libtool" --tag=CC --mode=compile mpicc -DHAVE_CONFIG_H  -I. -I.. -I"/projects/ps-nsg/home/nsguser/applications/neuron7.4/installdir/include/nrn" -I"/projects/ps-nsg/home/nsguser/applications/neuron7.4/installdir/x86_64/lib"      -g -O2 -c -o CaT.lo CaT.c
libtool: compile:  mpicc -DHAVE_CONFIG_H -I. -I.. -I/projects/ps-nsg/home/nsguser/applications/neuron7.4/installdir/include/nrn -I/projects/ps-nsg/home/nsguser/applications/neuron7.4/installdir/x86_64/lib -g -O2 -c CaT.c  -fPIC -DPIC -o .libs/CaT.o
"/projects/ps-nsg/home/nsguser/applications/neuron7.4/installdir/x86_64/bin/nocmodl" fi
"/projects/ps-nsg/home/nsguser/applications/neuron7.4/installdir/share/nrn/libtool" --tag=CC --mode=compile mpicc -DHAVE_CONFIG_H  -I. -I.. -I"/projects/ps-nsg/home/nsguser/applications/neuron7.4/installdir/include/nrn" -I"/projects/ps-nsg/home/nsguser/applications/neuron7.4/installdir/x86_64/lib"      -g -O2 -c -o fi.lo fi.c
libtool: compile:  mpicc -DHAVE_CONFIG_H -I. -I.. -I/projects/ps-nsg/home/nsguser/applications/neuron7.4/installdir/include/nrn -I/projects/ps-nsg/home/nsguser/applications/neuron7.4/installdir/x86_64/lib -g -O2 -c fi.c  -fPIC -DPIC -o .libs/fi.o
"/projects/ps-nsg/home/nsguser/applications/neuron7.4/installdir/x86_64/bin/nocmodl" GradeAMPA
"/projects/ps-nsg/home/nsguser/applications/neuron7.4/installdir/share/nrn/libtool" --tag=CC --mode=compile mpicc -DHAVE_CONFIG_H  -I. -I.. -I"/projects/ps-nsg/home/nsguser/applications/neuron7.4/installdir/include/nrn" -I"/projects/ps-nsg/home/nsguser/applications/neuron7.4/installdir/x86_64/lib"      -g -O2 -c -o GradeAMPA.lo GradeAMPA.c
libtool: compile:  mpicc -DHAVE_CONFIG_H -I. -I.. -I/projects/ps-nsg/home/nsguser/applications/neuron7.4/installdir/include/nrn -I/projects/ps-nsg/home/nsguser/applications/neuron7.4/installdir/x86_64/lib -g -O2 -c GradeAMPA.c  -fPIC -DPIC -o .libs/GradeAMPA.o
"/projects/ps-nsg/home/nsguser/applications/neuron7.4/installdir/x86_64/bin/nocmodl" GradeGABA
"/projects/ps-nsg/home/nsguser/applications/neuron7.4/installdir/share/nrn/libtool" --tag=CC --mode=compile mpicc -DHAVE_CONFIG_H  -I. -I.. -I"/projects/ps-nsg/home/nsguser/applications/neuron7.4/installdir/include/nrn" -I"/projects/ps-nsg/home/nsguser/applications/neuron7.4/installdir/x86_64/lib"      -g -O2 -c -o GradeGABA.lo GradeGABA.c
libtool: compile:  mpicc -DHAVE_CONFIG_H -I. -I.. -I/projects/ps-nsg/home/nsguser/applications/neuron7.4/installdir/include/nrn -I/projects/ps-nsg/home/nsguser/applications/neuron7.4/installdir/x86_64/lib -g -O2 -c GradeGABA.c  -fPIC -DPIC -o .libs/GradeGABA.o
"/projects/ps-nsg/home/nsguser/applications/neuron7.4/installdir/x86_64/bin/nocmodl" GradNMDA
"/projects/ps-nsg/home/nsguser/applications/neuron7.4/installdir/share/nrn/libtool" --tag=CC --mode=compile mpicc -DHAVE_CONFIG_H  -I. -I.. -I"/projects/ps-nsg/home/nsguser/applications/neuron7.4/installdir/include/nrn" -I"/projects/ps-nsg/home/nsguser/applications/neuron7.4/installdir/x86_64/lib"      -g -O2 -c -o GradNMDA.lo GradNMDA.c
libtool: compile:  mpicc -DHAVE_CONFIG_H -I. -I.. -I/projects/ps-nsg/home/nsguser/applications/neuron7.4/installdir/include/nrn -I/projects/ps-nsg/home/nsguser/applications/neuron7.4/installdir/x86_64/lib -g -O2 -c GradNMDA.c  -fPIC -DPIC -o .libs/GradNMDA.o
"/projects/ps-nsg/home/nsguser/applications/neuron7.4/installdir/x86_64/bin/nocmodl" hpg
"/projects/ps-nsg/home/nsguser/applications/neuron7.4/installdir/share/nrn/libtool" --tag=CC --mode=compile mpicc -DHAVE_CONFIG_H  -I. -I.. -I"/projects/ps-nsg/home/nsguser/applications/neuron7.4/installdir/include/nrn" -I"/projects/ps-nsg/home/nsguser/applications/neuron7.4/installdir/x86_64/lib"      -g -O2 -c -o hpg.lo hpg.c
libtool: compile:  mpicc -DHAVE_CONFIG_H -I. -I.. -I/projects/ps-nsg/home/nsguser/applications/neuron7.4/installdir/include/nrn -I/projects/ps-nsg/home/nsguser/applications/neuron7.4/installdir/x86_64/lib -g -O2 -c hpg.c  -fPIC -DPIC -o .libs/hpg.o
"/projects/ps-nsg/home/nsguser/applications/neuron7.4/installdir/x86_64/bin/nocmodl" Ih
Warning: Default -32.9 of PARAMETER eh will be ignored and set by NEURON.
"/projects/ps-nsg/home/nsguser/applications/neuron7.4/installdir/share/nrn/libtool" --tag=CC --mode=compile mpicc -DHAVE_CONFIG_H  -I. -I.. -I"/projects/ps-nsg/home/nsguser/applications/neuron7.4/installdir/include/nrn" -I"/projects/ps-nsg/home/nsguser/applications/neuron7.4/installdir/x86_64/lib"      -g -O2 -c -o Ih.lo Ih.c
libtool: compile:  mpicc -DHAVE_CONFIG_H -I. -I.. -I/projects/ps-nsg/home/nsguser/applications/neuron7.4/installdir/include/nrn -I/projects/ps-nsg/home/nsguser/applications/neuron7.4/installdir/x86_64/lib -g -O2 -c Ih.c  -fPIC -DPIC -o .libs/Ih.o
"/projects/ps-nsg/home/nsguser/applications/neuron7.4/installdir/x86_64/bin/nocmodl" kamt
Warning: Default -70 of PARAMETER ek will be ignored and set by NEURON.
"/projects/ps-nsg/home/nsguser/applications/neuron7.4/installdir/share/nrn/libtool" --tag=CC --mode=compile mpicc -DHAVE_CONFIG_H  -I. -I.. -I"/projects/ps-nsg/home/nsguser/applications/neuron7.4/installdir/include/nrn" -I"/projects/ps-nsg/home/nsguser/applications/neuron7.4/installdir/x86_64/lib"      -g -O2 -c -o kamt.lo kamt.c
libtool: compile:  mpicc -DHAVE_CONFIG_H -I. -I.. -I/projects/ps-nsg/home/nsguser/applications/neuron7.4/installdir/include/nrn -I/projects/ps-nsg/home/nsguser/applications/neuron7.4/installdir/x86_64/lib -g -O2 -c kamt.c  -fPIC -DPIC -o .libs/kamt.o
"/projects/ps-nsg/home/nsguser/applications/neuron7.4/installdir/x86_64/bin/nocmodl" KCa
Warning: Default -80 of PARAMETER ek will be ignored and set by NEURON.
"/projects/ps-nsg/home/nsguser/applications/neuron7.4/installdir/share/nrn/libtool" --tag=CC --mode=compile mpicc -DHAVE_CONFIG_H  -I. -I.. -I"/projects/ps-nsg/home/nsguser/applications/neuron7.4/installdir/include/nrn" -I"/projects/ps-nsg/home/nsguser/applications/neuron7.4/installdir/x86_64/lib"      -g -O2 -c -o KCa.lo KCa.c
libtool: compile:  mpicc -DHAVE_CONFIG_H -I. -I.. -I/projects/ps-nsg/home/nsguser/applications/neuron7.4/installdir/include/nrn -I/projects/ps-nsg/home/nsguser/applications/neuron7.4/installdir/x86_64/lib -g -O2 -c KCa.c  -fPIC -DPIC -o .libs/KCa.o
"/projects/ps-nsg/home/nsguser/applications/neuron7.4/installdir/x86_64/bin/nocmodl" kdrmt
"/projects/ps-nsg/home/nsguser/applications/neuron7.4/installdir/share/nrn/libtool" --tag=CC --mode=compile mpicc -DHAVE_CONFIG_H  -I. -I.. -I"/projects/ps-nsg/home/nsguser/applications/neuron7.4/installdir/include/nrn" -I"/projects/ps-nsg/home/nsguser/applications/neuron7.4/installdir/x86_64/lib"      -g -O2 -c -o kdrmt.lo kdrmt.c
libtool: compile:  mpicc -DHAVE_CONFIG_H -I. -I.. -I/projects/ps-nsg/home/nsguser/applications/neuron7.4/installdir/include/nrn -I/projects/ps-nsg/home/nsguser/applications/neuron7.4/installdir/x86_64/lib -g -O2 -c kdrmt.c  -fPIC -DPIC -o .libs/kdrmt.o
"/projects/ps-nsg/home/nsguser/applications/neuron7.4/installdir/x86_64/bin/nocmodl" kfasttab
Warning: Default -70 of PARAMETER ek will be ignored and set by NEURON.
"/projects/ps-nsg/home/nsguser/applications/neuron7.4/installdir/share/nrn/libtool" --tag=CC --mode=compile mpicc -DHAVE_CONFIG_H  -I. -I.. -I"/projects/ps-nsg/home/nsguser/applications/neuron7.4/installdir/include/nrn" -I"/projects/ps-nsg/home/nsguser/applications/neuron7.4/installdir/x86_64/lib"      -g -O2 -c -o kfasttab.lo kfasttab.c
libtool: compile:  mpicc -DHAVE_CONFIG_H -I. -I.. -I/projects/ps-nsg/home/nsguser/applications/neuron7.4/installdir/include/nrn -I/projects/ps-nsg/home/nsguser/applications/neuron7.4/installdir/x86_64/lib -g -O2 -c kfasttab.c  -fPIC -DPIC -o .libs/kfasttab.o
"/projects/ps-nsg/home/nsguser/applications/neuron7.4/installdir/x86_64/bin/nocmodl" kM
Warning: Default -70 of PARAMETER ek will be ignored and set by NEURON.
"/projects/ps-nsg/home/nsguser/applications/neuron7.4/installdir/share/nrn/libtool" --tag=CC --mode=compile mpicc -DHAVE_CONFIG_H  -I. -I.. -I"/projects/ps-nsg/home/nsguser/applications/neuron7.4/installdir/include/nrn" -I"/projects/ps-nsg/home/nsguser/applications/neuron7.4/installdir/x86_64/lib"      -g -O2 -c -o kM.lo kM.c
libtool: compile:  mpicc -DHAVE_CONFIG_H -I. -I.. -I/projects/ps-nsg/home/nsguser/applications/neuron7.4/installdir/include/nrn -I/projects/ps-nsg/home/nsguser/applications/neuron7.4/installdir/x86_64/lib -g -O2 -c kM.c  -fPIC -DPIC -o .libs/kM.o
"/projects/ps-nsg/home/nsguser/applications/neuron7.4/installdir/x86_64/bin/nocmodl" kslowtab
Warning: Default -70 of PARAMETER ek will be ignored and set by NEURON.
"/projects/ps-nsg/home/nsguser/applications/neuron7.4/installdir/share/nrn/libtool" --tag=CC --mode=compile mpicc -DHAVE_CONFIG_H  -I. -I.. -I"/projects/ps-nsg/home/nsguser/applications/neuron7.4/installdir/include/nrn" -I"/projects/ps-nsg/home/nsguser/applications/neuron7.4/installdir/x86_64/lib"      -g -O2 -c -o kslowtab.lo kslowtab.c
libtool: compile:  mpicc -DHAVE_CONFIG_H -I. -I.. -I/projects/ps-nsg/home/nsguser/applications/neuron7.4/installdir/include/nrn -I/projects/ps-nsg/home/nsguser/applications/neuron7.4/installdir/x86_64/lib -g -O2 -c kslowtab.c  -fPIC -DPIC -o .libs/kslowtab.o
"/projects/ps-nsg/home/nsguser/applications/neuron7.4/installdir/x86_64/bin/nocmodl" KS
Warning: Default -70 of PARAMETER ek will be ignored and set by NEURON.
"/projects/ps-nsg/home/nsguser/applications/neuron7.4/installdir/share/nrn/libtool" --tag=CC --mode=compile mpicc -DHAVE_CONFIG_H  -I. -I.. -I"/projects/ps-nsg/home/nsguser/applications/neuron7.4/installdir/include/nrn" -I"/projects/ps-nsg/home/nsguser/applications/neuron7.4/installdir/x86_64/lib"      -g -O2 -c -o KS.lo KS.c
libtool: compile:  mpicc -DHAVE_CONFIG_H -I. -I.. -I/projects/ps-nsg/home/nsguser/applications/neuron7.4/installdir/include/nrn -I/projects/ps-nsg/home/nsguser/applications/neuron7.4/installdir/x86_64/lib -g -O2 -c KS.c  -fPIC -DPIC -o .libs/KS.o
"/projects/ps-nsg/home/nsguser/applications/neuron7.4/installdir/x86_64/bin/nocmodl" LCa
"/projects/ps-nsg/home/nsguser/applications/neuron7.4/installdir/share/nrn/libtool" --tag=CC --mode=compile mpicc -DHAVE_CONFIG_H  -I. -I.. -I"/projects/ps-nsg/home/nsguser/applications/neuron7.4/installdir/include/nrn" -I"/projects/ps-nsg/home/nsguser/applications/neuron7.4/installdir/x86_64/lib"      -g -O2 -c -o LCa.lo LCa.c
libtool: compile:  mpicc -DHAVE_CONFIG_H -I. -I.. -I/projects/ps-nsg/home/nsguser/applications/neuron7.4/installdir/include/nrn -I/projects/ps-nsg/home/nsguser/applications/neuron7.4/installdir/x86_64/lib -g -O2 -c LCa.c  -fPIC -DPIC -o .libs/LCa.o
"/projects/ps-nsg/home/nsguser/applications/neuron7.4/installdir/x86_64/bin/nocmodl" nafast
Warning: Default 45 of PARAMETER ena will be ignored and set by NEURON.
"/projects/ps-nsg/home/nsguser/applications/neuron7.4/installdir/share/nrn/libtool" --tag=CC --mode=compile mpicc -DHAVE_CONFIG_H  -I. -I.. -I"/projects/ps-nsg/home/nsguser/applications/neuron7.4/installdir/include/nrn" -I"/projects/ps-nsg/home/nsguser/applications/neuron7.4/installdir/x86_64/lib"      -g -O2 -c -o nafast.lo nafast.c
libtool: compile:  mpicc -DHAVE_CONFIG_H -I. -I.. -I/projects/ps-nsg/home/nsguser/applications/neuron7.4/installdir/include/nrn -I/projects/ps-nsg/home/nsguser/applications/neuron7.4/installdir/x86_64/lib -g -O2 -c nafast.c  -fPIC -DPIC -o .libs/nafast.o
"/projects/ps-nsg/home/nsguser/applications/neuron7.4/installdir/x86_64/bin/nocmodl" NaP
Warning: Default 45 of PARAMETER ena will be ignored and set by NEURON.
"/projects/ps-nsg/home/nsguser/applications/neuron7.4/installdir/share/nrn/libtool" --tag=CC --mode=compile mpicc -DHAVE_CONFIG_H  -I. -I.. -I"/projects/ps-nsg/home/nsguser/applications/neuron7.4/installdir/include/nrn" -I"/projects/ps-nsg/home/nsguser/applications/neuron7.4/installdir/x86_64/lib"      -g -O2 -c -o NaP.lo NaP.c
libtool: compile:  mpicc -DHAVE_CONFIG_H -I. -I.. -I/projects/ps-nsg/home/nsguser/applications/neuron7.4/installdir/include/nrn -I/projects/ps-nsg/home/nsguser/applications/neuron7.4/installdir/x86_64/lib -g -O2 -c NaP.c  -fPIC -DPIC -o .libs/NaP.o
"/projects/ps-nsg/home/nsguser/applications/neuron7.4/installdir/x86_64/bin/nocmodl" naxn
"/projects/ps-nsg/home/nsguser/applications/neuron7.4/installdir/share/nrn/libtool" --tag=CC --mode=compile mpicc -DHAVE_CONFIG_H  -I. -I.. -I"/projects/ps-nsg/home/nsguser/applications/neuron7.4/installdir/include/nrn" -I"/projects/ps-nsg/home/nsguser/applications/neuron7.4/installdir/x86_64/lib"      -g -O2 -c -o naxn.lo naxn.c
libtool: compile:  mpicc -DHAVE_CONFIG_H -I. -I.. -I/projects/ps-nsg/home/nsguser/applications/neuron7.4/installdir/include/nrn -I/projects/ps-nsg/home/nsguser/applications/neuron7.4/installdir/x86_64/lib -g -O2 -c naxn.c  -fPIC -DPIC -o .libs/naxn.o
"/projects/ps-nsg/home/nsguser/applications/neuron7.4/installdir/x86_64/bin/nocmodl" Nicotin
"/projects/ps-nsg/home/nsguser/applications/neuron7.4/installdir/share/nrn/libtool" --tag=CC --mode=compile mpicc -DHAVE_CONFIG_H  -I. -I.. -I"/projects/ps-nsg/home/nsguser/applications/neuron7.4/installdir/include/nrn" -I"/projects/ps-nsg/home/nsguser/applications/neuron7.4/installdir/x86_64/lib"      -g -O2 -c -o Nicotin.lo Nicotin.c
libtool: compile:  mpicc -DHAVE_CONFIG_H -I. -I.. -I/projects/ps-nsg/home/nsguser/applications/neuron7.4/installdir/include/nrn -I/projects/ps-nsg/home/nsguser/applications/neuron7.4/installdir/x86_64/lib -g -O2 -c Nicotin.c  -fPIC -DPIC -o .libs/Nicotin.o
"/projects/ps-nsg/home/nsguser/applications/neuron7.4/installdir/x86_64/bin/nocmodl" nmdanet
"/projects/ps-nsg/home/nsguser/applications/neuron7.4/installdir/share/nrn/libtool" --tag=CC --mode=compile mpicc -DHAVE_CONFIG_H  -I. -I.. -I"/projects/ps-nsg/home/nsguser/applications/neuron7.4/installdir/include/nrn" -I"/projects/ps-nsg/home/nsguser/applications/neuron7.4/installdir/x86_64/lib"      -g -O2 -c -o nmdanet.lo nmdanet.c
libtool: compile:  mpicc -DHAVE_CONFIG_H -I. -I.. -I/projects/ps-nsg/home/nsguser/applications/neuron7.4/installdir/include/nrn -I/projects/ps-nsg/home/nsguser/applications/neuron7.4/installdir/x86_64/lib -g -O2 -c nmdanet.c  -fPIC -DPIC -o .libs/nmdanet.o
"/projects/ps-nsg/home/nsguser/applications/neuron7.4/installdir/x86_64/bin/nocmodl" OdorInput
"/projects/ps-nsg/home/nsguser/applications/neuron7.4/installdir/share/nrn/libtool" --tag=CC --mode=compile mpicc -DHAVE_CONFIG_H  -I. -I.. -I"/projects/ps-nsg/home/nsguser/applications/neuron7.4/installdir/include/nrn" -I"/projects/ps-nsg/home/nsguser/applications/neuron7.4/installdir/x86_64/lib"      -g -O2 -c -o OdorInput.lo OdorInput.c
libtool: compile:  mpicc -DHAVE_CONFIG_H -I. -I.. -I/projects/ps-nsg/home/nsguser/applications/neuron7.4/installdir/include/nrn -I/projects/ps-nsg/home/nsguser/applications/neuron7.4/installdir/x86_64/lib -g -O2 -c OdorInput.c  -fPIC -DPIC -o .libs/OdorInput.o
"/projects/ps-nsg/home/nsguser/applications/neuron7.4/installdir/x86_64/bin/nocmodl" order1
"/projects/ps-nsg/home/nsguser/applications/neuron7.4/installdir/share/nrn/libtool" --tag=CC --mode=compile mpicc -DHAVE_CONFIG_H  -I. -I.. -I"/projects/ps-nsg/home/nsguser/applications/neuron7.4/installdir/include/nrn" -I"/projects/ps-nsg/home/nsguser/applications/neuron7.4/installdir/x86_64/lib"      -g -O2 -c -o order1.lo order1.c
libtool: compile:  mpicc -DHAVE_CONFIG_H -I. -I.. -I/projects/ps-nsg/home/nsguser/applications/neuron7.4/installdir/include/nrn -I/projects/ps-nsg/home/nsguser/applications/neuron7.4/installdir/x86_64/lib -g -O2 -c order1.c  -fPIC -DPIC -o .libs/order1.o
"/projects/ps-nsg/home/nsguser/applications/neuron7.4/installdir/x86_64/bin/nocmodl" pnetstim
Notice: ARTIFICIAL_CELL is a synonym for POINT_PROCESS which hints that it
only affects and is affected by discrete events. As such it is not
located in a section and is not associated with an integrator
"/projects/ps-nsg/home/nsguser/applications/neuron7.4/installdir/share/nrn/libtool" --tag=CC --mode=compile mpicc -DHAVE_CONFIG_H  -I. -I.. -I"/projects/ps-nsg/home/nsguser/applications/neuron7.4/installdir/include/nrn" -I"/projects/ps-nsg/home/nsguser/applications/neuron7.4/installdir/x86_64/lib"      -g -O2 -c -o pnetstim.lo pnetstim.c
libtool: compile:  mpicc -DHAVE_CONFIG_H -I. -I.. -I/projects/ps-nsg/home/nsguser/applications/neuron7.4/installdir/include/nrn -I/projects/ps-nsg/home/nsguser/applications/neuron7.4/installdir/x86_64/lib -g -O2 -c pnetstim.c  -fPIC -DPIC -o .libs/pnetstim.o
"/projects/ps-nsg/home/nsguser/applications/neuron7.4/installdir/x86_64/bin/nocmodl" thetastim
Notice: ARTIFICIAL_CELL is a synonym for POINT_PROCESS which hints that it
only affects and is affected by discrete events. As such it is not
located in a section and is not associated with an integrator
"/projects/ps-nsg/home/nsguser/applications/neuron7.4/installdir/share/nrn/libtool" --tag=CC --mode=compile mpicc -DHAVE_CONFIG_H  -I. -I.. -I"/projects/ps-nsg/home/nsguser/applications/neuron7.4/installdir/include/nrn" -I"/projects/ps-nsg/home/nsguser/applications/neuron7.4/installdir/x86_64/lib"      -g -O2 -c -o thetastim.lo thetastim.c
libtool: compile:  mpicc -DHAVE_CONFIG_H -I. -I.. -I/projects/ps-nsg/home/nsguser/applications/neuron7.4/installdir/include/nrn -I/projects/ps-nsg/home/nsguser/applications/neuron7.4/installdir/x86_64/lib -g -O2 -c thetastim.c  -fPIC -DPIC -o .libs/thetastim.o
"/projects/ps-nsg/home/nsguser/applications/neuron7.4/installdir/x86_64/bin/nocmodl" ThreshDetect
"/projects/ps-nsg/home/nsguser/applications/neuron7.4/installdir/share/nrn/libtool" --tag=CC --mode=compile mpicc -DHAVE_CONFIG_H  -I. -I.. -I"/projects/ps-nsg/home/nsguser/applications/neuron7.4/installdir/include/nrn" -I"/projects/ps-nsg/home/nsguser/applications/neuron7.4/installdir/x86_64/lib"      -g -O2 -c -o ThreshDetect.lo ThreshDetect.c
libtool: compile:  mpicc -DHAVE_CONFIG_H -I. -I.. -I/projects/ps-nsg/home/nsguser/applications/neuron7.4/installdir/include/nrn -I/projects/ps-nsg/home/nsguser/applications/neuron7.4/installdir/x86_64/lib -g -O2 -c ThreshDetect.c  -fPIC -DPIC -o .libs/ThreshDetect.o
"/projects/ps-nsg/home/nsguser/applications/neuron7.4/installdir/x86_64/bin/nocmodl" vecstim1
Notice: ARTIFICIAL_CELL is a synonym for POINT_PROCESS which hints that it
only affects and is affected by discrete events. As such it is not
located in a section and is not associated with an integrator
"/projects/ps-nsg/home/nsguser/applications/neuron7.4/installdir/share/nrn/libtool" --tag=CC --mode=compile mpicc -DHAVE_CONFIG_H  -I. -I.. -I"/projects/ps-nsg/home/nsguser/applications/neuron7.4/installdir/include/nrn" -I"/projects/ps-nsg/home/nsguser/applications/neuron7.4/installdir/x86_64/lib"      -g -O2 -c -o vecstim1.lo vecstim1.c
libtool: compile:  mpicc -DHAVE_CONFIG_H -I. -I.. -I/projects/ps-nsg/home/nsguser/applications/neuron7.4/installdir/include/nrn -I/projects/ps-nsg/home/nsguser/applications/neuron7.4/installdir/x86_64/lib -g -O2 -c vecstim1.c  -fPIC -DPIC -o .libs/vecstim1.o
"/projects/ps-nsg/home/nsguser/applications/neuron7.4/installdir/x86_64/bin/nocmodl" vecstim
"/projects/ps-nsg/home/nsguser/applications/neuron7.4/installdir/share/nrn/libtool" --tag=CC --mode=compile mpicc -DHAVE_CONFIG_H  -I. -I.. -I"/projects/ps-nsg/home/nsguser/applications/neuron7.4/installdir/include/nrn" -I"/projects/ps-nsg/home/nsguser/applications/neuron7.4/installdir/x86_64/lib"      -g -O2 -c -o vecstim.lo vecstim.c
libtool: compile:  mpicc -DHAVE_CONFIG_H -I. -I.. -I/projects/ps-nsg/home/nsguser/applications/neuron7.4/installdir/include/nrn -I/projects/ps-nsg/home/nsguser/applications/neuron7.4/installdir/x86_64/lib -g -O2 -c vecstim.c  -fPIC -DPIC -o .libs/vecstim.o
"/projects/ps-nsg/home/nsguser/applications/neuron7.4/installdir/share/nrn/libtool" --tag=CC --mode=compile mpicc -DHAVE_CONFIG_H  -I. -I.. -I"/projects/ps-nsg/home/nsguser/applications/neuron7.4/installdir/include/nrn" -I"/projects/ps-nsg/home/nsguser/applications/neuron7.4/installdir/x86_64/lib"      -g -O2 -c -o mod_func.lo mod_func.c
libtool: compile:  mpicc -DHAVE_CONFIG_H -I. -I.. -I/projects/ps-nsg/home/nsguser/applications/neuron7.4/installdir/include/nrn -I/projects/ps-nsg/home/nsguser/applications/neuron7.4/installdir/x86_64/lib -g -O2 -c mod_func.c  -fPIC -DPIC -o .libs/mod_func.o
"/projects/ps-nsg/home/nsguser/applications/neuron7.4/installdir/share/nrn/libtool" --tag=CC --mode=link mpicc -module  -g -O2    -o libnrnmech.la -rpath "/projects/ps-nsg/home/nsguser/applications/neuron7.4/installdir/x86_64/lib"  ampanmda.lo cadecay2.lo cadecay.lo Caint.lo Can.lo CaPN.lo CaT.lo fi.lo GradeAMPA.lo GradeGABA.lo GradNMDA.lo hpg.lo Ih.lo kamt.lo KCa.lo kdrmt.lo kfasttab.lo kM.lo kslowtab.lo KS.lo LCa.lo nafast.lo NaP.lo naxn.lo Nicotin.lo nmdanet.lo OdorInput.lo order1.lo pnetstim.lo thetastim.lo ThreshDetect.lo vecstim1.lo vecstim.lo mod_func.lo  -L"/projects/ps-nsg/home/nsguser/applications/neuron7.4/installdir/x86_64/lib" -lnrnoc -loc -lmemacs -lnrnmpi -lscopmath -lsparse13 -lreadline -lncurses -L"/projects/ps-nsg/home/nsguser/applications/neuron7.4/installdir/x86_64/lib" "/projects/ps-nsg/home/nsguser/applications/neuron7.4/installdir/x86_64/lib/libnrniv.la" -livoc -lneuron_gnu -lmeschach -lsundials -livos      -lm -ldl
libtool: link: mpicc -shared  -fPIC -DPIC  .libs/ampanmda.o .libs/cadecay2.o .libs/cadecay.o .libs/Caint.o .libs/Can.o .libs/CaPN.o .libs/CaT.o .libs/fi.o .libs/GradeAMPA.o .libs/GradeGABA.o .libs/GradNMDA.o .libs/hpg.o .libs/Ih.o .libs/kamt.o .libs/KCa.o .libs/kdrmt.o .libs/kfasttab.o .libs/kM.o .libs/kslowtab.o .libs/KS.o .libs/LCa.o .libs/nafast.o .libs/NaP.o .libs/naxn.o .libs/Nicotin.o .libs/nmdanet.o .libs/OdorInput.o .libs/order1.o .libs/pnetstim.o .libs/thetastim.o .libs/ThreshDetect.o .libs/vecstim1.o .libs/vecstim.o .libs/mod_func.o   -Wl,-rpath -Wl,/projects/ps-nsg/home/nsguser/applications/neuron7.4/installdir/x86_64/lib -Wl,-rpath -Wl,/projects/ps-nsg/home/nsguser/applications/neuron7.4/installdir/x86_64/lib -L/projects/ps-nsg/home/nsguser/applications/neuron7.4/installdir/x86_64/lib /projects/ps-nsg/home/nsguser/applications/neuron7.4/installdir/x86_64/lib/libnrnoc.so /projects/ps-nsg/home/nsguser/applications/neuron7.4/installdir/x86_64/lib/liboc.so /projects/ps-nsg/home/nsguser/applications/neuron7.4/installdir/x86_64/lib/libmemacs.so /projects/ps-nsg/home/nsguser/applications/neuron7.4/installdir/x86_64/lib/libnrnmpi.so /projects/ps-nsg/home/nsguser/applications/neuron7.4/installdir/x86_64/lib/libscopmath.so /projects/ps-nsg/home/nsguser/applications/neuron7.4/installdir/x86_64/lib/libsparse13.so -lreadline -lncurses /projects/ps-nsg/home/nsguser/applications/neuron7.4/installdir/x86_64/lib/libnrniv.so /projects/ps-nsg/home/nsguser/applications/neuron7.4/installdir/x86_64/lib/libivoc.so /projects/ps-nsg/home/nsguser/applications/neuron7.4/installdir/x86_64/lib/libneuron_gnu.so /projects/ps-nsg/home/nsguser/applications/neuron7.4/installdir/x86_64/lib/libmeschach.so /projects/ps-nsg/home/nsguser/applications/neuron7.4/installdir/x86_64/lib/libsundials.so /projects/ps-nsg/home/nsguser/applications/neuron7.4/installdir/x86_64/lib/libivos.so -lm -ldl  -O2   -pthread -Wl,-soname -Wl,libnrnmech.so.0 -o .libs/libnrnmech.so.0.0.0
libtool: link: (cd ".libs" && rm -f "libnrnmech.so.0" && ln -s "libnrnmech.so.0.0.0" "libnrnmech.so.0")
libtool: link: (cd ".libs" && rm -f "libnrnmech.so" && ln -s "libnrnmech.so.0.0.0" "libnrnmech.so")
libtool: link: ( cd ".libs" && rm -f "libnrnmech.la" && ln -s "../libnrnmech.la" "libnrnmech.la" )
Successfully created x86_64/special
nrnivmodl pg_net_activity_run/mod_nsgportal succeeded
