Creating x86_64 directory for .o files.

/home1/02176/nsguser/ngbw/workspace/NGBW-JOB-NEURON73_PY_STAMP-FF18DC2199334F8EB97FDD2E0402C2E3/batch_runs
mod_nsgportal/ampanmda.mod mod_nsgportal/cadecay2.mod mod_nsgportal/cadecay.mod mod_nsgportal/Caint.mod mod_nsgportal/Can.mod mod_nsgportal/CaPN.mod mod_nsgportal/CaT.mod mod_nsgportal/fi.mod mod_nsgportal/GradeAMPA.mod mod_nsgportal/GradeGABA.mod mod_nsgportal/GradNMDA.mod mod_nsgportal/hpg.mod mod_nsgportal/kamt.mod mod_nsgportal/KCa.mod mod_nsgportal/kdrmt.mod mod_nsgportal/kfasttab.mod mod_nsgportal/kM.mod mod_nsgportal/kslowtab.mod mod_nsgportal/KS.mod mod_nsgportal/LCa.mod mod_nsgportal/nafast.mod mod_nsgportal/NaP.mod mod_nsgportal/naxn.mod mod_nsgportal/Nicotin.mod mod_nsgportal/nmdanet.mod mod_nsgportal/OdorInput.mod mod_nsgportal/order1.mod mod_nsgportal/pnetstim.mod mod_nsgportal/thetastim.mod mod_nsgportal/ThreshDetect.mod mod_nsgportal/vecstim1.mod mod_nsgportal/vecstim.mod
ampanmda.mod cadecay2.mod cadecay.mod Caint.mod Can.mod CaPN.mod CaT.mod fi.mod GradeAMPA.mod GradeGABA.mod GradNMDA.mod hpg.mod kamt.mod KCa.mod kdrmt.mod kfasttab.mod kM.mod kslowtab.mod KS.mod LCa.mod nafast.mod NaP.mod naxn.mod Nicotin.mod nmdanet.mod OdorInput.mod order1.mod pnetstim.mod thetastim.mod ThreshDetect.mod vecstim1.mod vecstim.mod
"/home1/02176/nsguser/applications/neuron7.3/nrn/x86_64/bin/nocmodl" ampanmda
"/home1/02176/nsguser/applications/neuron7.3/nrn/share/nrn/libtool" --tag=CC --mode=compile mpicc -DHAVE_CONFIG_H  -I. -I.. -I"/home1/02176/nsguser/applications/neuron7.3/nrn/include/nrn" -I"/home1/02176/nsguser/applications/neuron7.3/nrn/x86_64/lib"      -g -O2 -c -o ampanmda.lo ampanmda.c
libtool: compile:  mpicc -DHAVE_CONFIG_H -I. -I.. -I/home1/02176/nsguser/applications/neuron7.3/nrn/include/nrn -I/home1/02176/nsguser/applications/neuron7.3/nrn/x86_64/lib -g -O2 -c ampanmda.c  -fPIC -DPIC -o .libs/ampanmda.o
"/home1/02176/nsguser/applications/neuron7.3/nrn/x86_64/bin/nocmodl" cadecay2
"/home1/02176/nsguser/applications/neuron7.3/nrn/share/nrn/libtool" --tag=CC --mode=compile mpicc -DHAVE_CONFIG_H  -I. -I.. -I"/home1/02176/nsguser/applications/neuron7.3/nrn/include/nrn" -I"/home1/02176/nsguser/applications/neuron7.3/nrn/x86_64/lib"      -g -O2 -c -o cadecay2.lo cadecay2.c
libtool: compile:  mpicc -DHAVE_CONFIG_H -I. -I.. -I/home1/02176/nsguser/applications/neuron7.3/nrn/include/nrn -I/home1/02176/nsguser/applications/neuron7.3/nrn/x86_64/lib -g -O2 -c cadecay2.c  -fPIC -DPIC -o .libs/cadecay2.o
"/home1/02176/nsguser/applications/neuron7.3/nrn/x86_64/bin/nocmodl" cadecay
"/home1/02176/nsguser/applications/neuron7.3/nrn/share/nrn/libtool" --tag=CC --mode=compile mpicc -DHAVE_CONFIG_H  -I. -I.. -I"/home1/02176/nsguser/applications/neuron7.3/nrn/include/nrn" -I"/home1/02176/nsguser/applications/neuron7.3/nrn/x86_64/lib"      -g -O2 -c -o cadecay.lo cadecay.c
libtool: compile:  mpicc -DHAVE_CONFIG_H -I. -I.. -I/home1/02176/nsguser/applications/neuron7.3/nrn/include/nrn -I/home1/02176/nsguser/applications/neuron7.3/nrn/x86_64/lib -g -O2 -c cadecay.c  -fPIC -DPIC -o .libs/cadecay.o
"/home1/02176/nsguser/applications/neuron7.3/nrn/x86_64/bin/nocmodl" Caint
"/home1/02176/nsguser/applications/neuron7.3/nrn/share/nrn/libtool" --tag=CC --mode=compile mpicc -DHAVE_CONFIG_H  -I. -I.. -I"/home1/02176/nsguser/applications/neuron7.3/nrn/include/nrn" -I"/home1/02176/nsguser/applications/neuron7.3/nrn/x86_64/lib"      -g -O2 -c -o Caint.lo Caint.c
libtool: compile:  mpicc -DHAVE_CONFIG_H -I. -I.. -I/home1/02176/nsguser/applications/neuron7.3/nrn/include/nrn -I/home1/02176/nsguser/applications/neuron7.3/nrn/x86_64/lib -g -O2 -c Caint.c  -fPIC -DPIC -o .libs/Caint.o
"/home1/02176/nsguser/applications/neuron7.3/nrn/x86_64/bin/nocmodl" Can
"/home1/02176/nsguser/applications/neuron7.3/nrn/share/nrn/libtool" --tag=CC --mode=compile mpicc -DHAVE_CONFIG_H  -I. -I.. -I"/home1/02176/nsguser/applications/neuron7.3/nrn/include/nrn" -I"/home1/02176/nsguser/applications/neuron7.3/nrn/x86_64/lib"      -g -O2 -c -o Can.lo Can.c
libtool: compile:  mpicc -DHAVE_CONFIG_H -I. -I.. -I/home1/02176/nsguser/applications/neuron7.3/nrn/include/nrn -I/home1/02176/nsguser/applications/neuron7.3/nrn/x86_64/lib -g -O2 -c Can.c  -fPIC -DPIC -o .libs/Can.o
"/home1/02176/nsguser/applications/neuron7.3/nrn/x86_64/bin/nocmodl" CaPN
"/home1/02176/nsguser/applications/neuron7.3/nrn/share/nrn/libtool" --tag=CC --mode=compile mpicc -DHAVE_CONFIG_H  -I. -I.. -I"/home1/02176/nsguser/applications/neuron7.3/nrn/include/nrn" -I"/home1/02176/nsguser/applications/neuron7.3/nrn/x86_64/lib"      -g -O2 -c -o CaPN.lo CaPN.c
libtool: compile:  mpicc -DHAVE_CONFIG_H -I. -I.. -I/home1/02176/nsguser/applications/neuron7.3/nrn/include/nrn -I/home1/02176/nsguser/applications/neuron7.3/nrn/x86_64/lib -g -O2 -c CaPN.c  -fPIC -DPIC -o .libs/CaPN.o
"/home1/02176/nsguser/applications/neuron7.3/nrn/x86_64/bin/nocmodl" CaT
"/home1/02176/nsguser/applications/neuron7.3/nrn/share/nrn/libtool" --tag=CC --mode=compile mpicc -DHAVE_CONFIG_H  -I. -I.. -I"/home1/02176/nsguser/applications/neuron7.3/nrn/include/nrn" -I"/home1/02176/nsguser/applications/neuron7.3/nrn/x86_64/lib"      -g -O2 -c -o CaT.lo CaT.c
libtool: compile:  mpicc -DHAVE_CONFIG_H -I. -I.. -I/home1/02176/nsguser/applications/neuron7.3/nrn/include/nrn -I/home1/02176/nsguser/applications/neuron7.3/nrn/x86_64/lib -g -O2 -c CaT.c  -fPIC -DPIC -o .libs/CaT.o
"/home1/02176/nsguser/applications/neuron7.3/nrn/x86_64/bin/nocmodl" fi
"/home1/02176/nsguser/applications/neuron7.3/nrn/share/nrn/libtool" --tag=CC --mode=compile mpicc -DHAVE_CONFIG_H  -I. -I.. -I"/home1/02176/nsguser/applications/neuron7.3/nrn/include/nrn" -I"/home1/02176/nsguser/applications/neuron7.3/nrn/x86_64/lib"      -g -O2 -c -o fi.lo fi.c
libtool: compile:  mpicc -DHAVE_CONFIG_H -I. -I.. -I/home1/02176/nsguser/applications/neuron7.3/nrn/include/nrn -I/home1/02176/nsguser/applications/neuron7.3/nrn/x86_64/lib -g -O2 -c fi.c  -fPIC -DPIC -o .libs/fi.o
"/home1/02176/nsguser/applications/neuron7.3/nrn/x86_64/bin/nocmodl" GradeAMPA
"/home1/02176/nsguser/applications/neuron7.3/nrn/share/nrn/libtool" --tag=CC --mode=compile mpicc -DHAVE_CONFIG_H  -I. -I.. -I"/home1/02176/nsguser/applications/neuron7.3/nrn/include/nrn" -I"/home1/02176/nsguser/applications/neuron7.3/nrn/x86_64/lib"      -g -O2 -c -o GradeAMPA.lo GradeAMPA.c
libtool: compile:  mpicc -DHAVE_CONFIG_H -I. -I.. -I/home1/02176/nsguser/applications/neuron7.3/nrn/include/nrn -I/home1/02176/nsguser/applications/neuron7.3/nrn/x86_64/lib -g -O2 -c GradeAMPA.c  -fPIC -DPIC -o .libs/GradeAMPA.o
"/home1/02176/nsguser/applications/neuron7.3/nrn/x86_64/bin/nocmodl" GradeGABA
"/home1/02176/nsguser/applications/neuron7.3/nrn/share/nrn/libtool" --tag=CC --mode=compile mpicc -DHAVE_CONFIG_H  -I. -I.. -I"/home1/02176/nsguser/applications/neuron7.3/nrn/include/nrn" -I"/home1/02176/nsguser/applications/neuron7.3/nrn/x86_64/lib"      -g -O2 -c -o GradeGABA.lo GradeGABA.c
libtool: compile:  mpicc -DHAVE_CONFIG_H -I. -I.. -I/home1/02176/nsguser/applications/neuron7.3/nrn/include/nrn -I/home1/02176/nsguser/applications/neuron7.3/nrn/x86_64/lib -g -O2 -c GradeGABA.c  -fPIC -DPIC -o .libs/GradeGABA.o
"/home1/02176/nsguser/applications/neuron7.3/nrn/x86_64/bin/nocmodl" GradNMDA
"/home1/02176/nsguser/applications/neuron7.3/nrn/share/nrn/libtool" --tag=CC --mode=compile mpicc -DHAVE_CONFIG_H  -I. -I.. -I"/home1/02176/nsguser/applications/neuron7.3/nrn/include/nrn" -I"/home1/02176/nsguser/applications/neuron7.3/nrn/x86_64/lib"      -g -O2 -c -o GradNMDA.lo GradNMDA.c
libtool: compile:  mpicc -DHAVE_CONFIG_H -I. -I.. -I/home1/02176/nsguser/applications/neuron7.3/nrn/include/nrn -I/home1/02176/nsguser/applications/neuron7.3/nrn/x86_64/lib -g -O2 -c GradNMDA.c  -fPIC -DPIC -o .libs/GradNMDA.o
"/home1/02176/nsguser/applications/neuron7.3/nrn/x86_64/bin/nocmodl" hpg
"/home1/02176/nsguser/applications/neuron7.3/nrn/share/nrn/libtool" --tag=CC --mode=compile mpicc -DHAVE_CONFIG_H  -I. -I.. -I"/home1/02176/nsguser/applications/neuron7.3/nrn/include/nrn" -I"/home1/02176/nsguser/applications/neuron7.3/nrn/x86_64/lib"      -g -O2 -c -o hpg.lo hpg.c
libtool: compile:  mpicc -DHAVE_CONFIG_H -I. -I.. -I/home1/02176/nsguser/applications/neuron7.3/nrn/include/nrn -I/home1/02176/nsguser/applications/neuron7.3/nrn/x86_64/lib -g -O2 -c hpg.c  -fPIC -DPIC -o .libs/hpg.o
"/home1/02176/nsguser/applications/neuron7.3/nrn/x86_64/bin/nocmodl" kamt
Warning: Default -70 of PARAMETER ek will be ignored and set by NEURON.
"/home1/02176/nsguser/applications/neuron7.3/nrn/share/nrn/libtool" --tag=CC --mode=compile mpicc -DHAVE_CONFIG_H  -I. -I.. -I"/home1/02176/nsguser/applications/neuron7.3/nrn/include/nrn" -I"/home1/02176/nsguser/applications/neuron7.3/nrn/x86_64/lib"      -g -O2 -c -o kamt.lo kamt.c
libtool: compile:  mpicc -DHAVE_CONFIG_H -I. -I.. -I/home1/02176/nsguser/applications/neuron7.3/nrn/include/nrn -I/home1/02176/nsguser/applications/neuron7.3/nrn/x86_64/lib -g -O2 -c kamt.c  -fPIC -DPIC -o .libs/kamt.o
"/home1/02176/nsguser/applications/neuron7.3/nrn/x86_64/bin/nocmodl" KCa
Warning: Default -80 of PARAMETER ek will be ignored and set by NEURON.
"/home1/02176/nsguser/applications/neuron7.3/nrn/share/nrn/libtool" --tag=CC --mode=compile mpicc -DHAVE_CONFIG_H  -I. -I.. -I"/home1/02176/nsguser/applications/neuron7.3/nrn/include/nrn" -I"/home1/02176/nsguser/applications/neuron7.3/nrn/x86_64/lib"      -g -O2 -c -o KCa.lo KCa.c
libtool: compile:  mpicc -DHAVE_CONFIG_H -I. -I.. -I/home1/02176/nsguser/applications/neuron7.3/nrn/include/nrn -I/home1/02176/nsguser/applications/neuron7.3/nrn/x86_64/lib -g -O2 -c KCa.c  -fPIC -DPIC -o .libs/KCa.o
"/home1/02176/nsguser/applications/neuron7.3/nrn/x86_64/bin/nocmodl" kdrmt
"/home1/02176/nsguser/applications/neuron7.3/nrn/share/nrn/libtool" --tag=CC --mode=compile mpicc -DHAVE_CONFIG_H  -I. -I.. -I"/home1/02176/nsguser/applications/neuron7.3/nrn/include/nrn" -I"/home1/02176/nsguser/applications/neuron7.3/nrn/x86_64/lib"      -g -O2 -c -o kdrmt.lo kdrmt.c
libtool: compile:  mpicc -DHAVE_CONFIG_H -I. -I.. -I/home1/02176/nsguser/applications/neuron7.3/nrn/include/nrn -I/home1/02176/nsguser/applications/neuron7.3/nrn/x86_64/lib -g -O2 -c kdrmt.c  -fPIC -DPIC -o .libs/kdrmt.o
"/home1/02176/nsguser/applications/neuron7.3/nrn/x86_64/bin/nocmodl" kfasttab
Warning: Default -70 of PARAMETER ek will be ignored and set by NEURON.
"/home1/02176/nsguser/applications/neuron7.3/nrn/share/nrn/libtool" --tag=CC --mode=compile mpicc -DHAVE_CONFIG_H  -I. -I.. -I"/home1/02176/nsguser/applications/neuron7.3/nrn/include/nrn" -I"/home1/02176/nsguser/applications/neuron7.3/nrn/x86_64/lib"      -g -O2 -c -o kfasttab.lo kfasttab.c
libtool: compile:  mpicc -DHAVE_CONFIG_H -I. -I.. -I/home1/02176/nsguser/applications/neuron7.3/nrn/include/nrn -I/home1/02176/nsguser/applications/neuron7.3/nrn/x86_64/lib -g -O2 -c kfasttab.c  -fPIC -DPIC -o .libs/kfasttab.o
"/home1/02176/nsguser/applications/neuron7.3/nrn/x86_64/bin/nocmodl" kM
Warning: Default -70 of PARAMETER ek will be ignored and set by NEURON.
"/home1/02176/nsguser/applications/neuron7.3/nrn/share/nrn/libtool" --tag=CC --mode=compile mpicc -DHAVE_CONFIG_H  -I. -I.. -I"/home1/02176/nsguser/applications/neuron7.3/nrn/include/nrn" -I"/home1/02176/nsguser/applications/neuron7.3/nrn/x86_64/lib"      -g -O2 -c -o kM.lo kM.c
libtool: compile:  mpicc -DHAVE_CONFIG_H -I. -I.. -I/home1/02176/nsguser/applications/neuron7.3/nrn/include/nrn -I/home1/02176/nsguser/applications/neuron7.3/nrn/x86_64/lib -g -O2 -c kM.c  -fPIC -DPIC -o .libs/kM.o
"/home1/02176/nsguser/applications/neuron7.3/nrn/x86_64/bin/nocmodl" kslowtab
Warning: Default -70 of PARAMETER ek will be ignored and set by NEURON.
"/home1/02176/nsguser/applications/neuron7.3/nrn/share/nrn/libtool" --tag=CC --mode=compile mpicc -DHAVE_CONFIG_H  -I. -I.. -I"/home1/02176/nsguser/applications/neuron7.3/nrn/include/nrn" -I"/home1/02176/nsguser/applications/neuron7.3/nrn/x86_64/lib"      -g -O2 -c -o kslowtab.lo kslowtab.c
libtool: compile:  mpicc -DHAVE_CONFIG_H -I. -I.. -I/home1/02176/nsguser/applications/neuron7.3/nrn/include/nrn -I/home1/02176/nsguser/applications/neuron7.3/nrn/x86_64/lib -g -O2 -c kslowtab.c  -fPIC -DPIC -o .libs/kslowtab.o
"/home1/02176/nsguser/applications/neuron7.3/nrn/x86_64/bin/nocmodl" KS
Warning: Default -70 of PARAMETER ek will be ignored and set by NEURON.
"/home1/02176/nsguser/applications/neuron7.3/nrn/share/nrn/libtool" --tag=CC --mode=compile mpicc -DHAVE_CONFIG_H  -I. -I.. -I"/home1/02176/nsguser/applications/neuron7.3/nrn/include/nrn" -I"/home1/02176/nsguser/applications/neuron7.3/nrn/x86_64/lib"      -g -O2 -c -o KS.lo KS.c
libtool: compile:  mpicc -DHAVE_CONFIG_H -I. -I.. -I/home1/02176/nsguser/applications/neuron7.3/nrn/include/nrn -I/home1/02176/nsguser/applications/neuron7.3/nrn/x86_64/lib -g -O2 -c KS.c  -fPIC -DPIC -o .libs/KS.o
"/home1/02176/nsguser/applications/neuron7.3/nrn/x86_64/bin/nocmodl" LCa
"/home1/02176/nsguser/applications/neuron7.3/nrn/share/nrn/libtool" --tag=CC --mode=compile mpicc -DHAVE_CONFIG_H  -I. -I.. -I"/home1/02176/nsguser/applications/neuron7.3/nrn/include/nrn" -I"/home1/02176/nsguser/applications/neuron7.3/nrn/x86_64/lib"      -g -O2 -c -o LCa.lo LCa.c
libtool: compile:  mpicc -DHAVE_CONFIG_H -I. -I.. -I/home1/02176/nsguser/applications/neuron7.3/nrn/include/nrn -I/home1/02176/nsguser/applications/neuron7.3/nrn/x86_64/lib -g -O2 -c LCa.c  -fPIC -DPIC -o .libs/LCa.o
"/home1/02176/nsguser/applications/neuron7.3/nrn/x86_64/bin/nocmodl" nafast
Warning: Default 45 of PARAMETER ena will be ignored and set by NEURON.
"/home1/02176/nsguser/applications/neuron7.3/nrn/share/nrn/libtool" --tag=CC --mode=compile mpicc -DHAVE_CONFIG_H  -I. -I.. -I"/home1/02176/nsguser/applications/neuron7.3/nrn/include/nrn" -I"/home1/02176/nsguser/applications/neuron7.3/nrn/x86_64/lib"      -g -O2 -c -o nafast.lo nafast.c
libtool: compile:  mpicc -DHAVE_CONFIG_H -I. -I.. -I/home1/02176/nsguser/applications/neuron7.3/nrn/include/nrn -I/home1/02176/nsguser/applications/neuron7.3/nrn/x86_64/lib -g -O2 -c nafast.c  -fPIC -DPIC -o .libs/nafast.o
"/home1/02176/nsguser/applications/neuron7.3/nrn/x86_64/bin/nocmodl" NaP
Warning: Default 45 of PARAMETER ena will be ignored and set by NEURON.
"/home1/02176/nsguser/applications/neuron7.3/nrn/share/nrn/libtool" --tag=CC --mode=compile mpicc -DHAVE_CONFIG_H  -I. -I.. -I"/home1/02176/nsguser/applications/neuron7.3/nrn/include/nrn" -I"/home1/02176/nsguser/applications/neuron7.3/nrn/x86_64/lib"      -g -O2 -c -o NaP.lo NaP.c
libtool: compile:  mpicc -DHAVE_CONFIG_H -I. -I.. -I/home1/02176/nsguser/applications/neuron7.3/nrn/include/nrn -I/home1/02176/nsguser/applications/neuron7.3/nrn/x86_64/lib -g -O2 -c NaP.c  -fPIC -DPIC -o .libs/NaP.o
"/home1/02176/nsguser/applications/neuron7.3/nrn/x86_64/bin/nocmodl" naxn
"/home1/02176/nsguser/applications/neuron7.3/nrn/share/nrn/libtool" --tag=CC --mode=compile mpicc -DHAVE_CONFIG_H  -I. -I.. -I"/home1/02176/nsguser/applications/neuron7.3/nrn/include/nrn" -I"/home1/02176/nsguser/applications/neuron7.3/nrn/x86_64/lib"      -g -O2 -c -o naxn.lo naxn.c
libtool: compile:  mpicc -DHAVE_CONFIG_H -I. -I.. -I/home1/02176/nsguser/applications/neuron7.3/nrn/include/nrn -I/home1/02176/nsguser/applications/neuron7.3/nrn/x86_64/lib -g -O2 -c naxn.c  -fPIC -DPIC -o .libs/naxn.o
"/home1/02176/nsguser/applications/neuron7.3/nrn/x86_64/bin/nocmodl" Nicotin
"/home1/02176/nsguser/applications/neuron7.3/nrn/share/nrn/libtool" --tag=CC --mode=compile mpicc -DHAVE_CONFIG_H  -I. -I.. -I"/home1/02176/nsguser/applications/neuron7.3/nrn/include/nrn" -I"/home1/02176/nsguser/applications/neuron7.3/nrn/x86_64/lib"      -g -O2 -c -o Nicotin.lo Nicotin.c
libtool: compile:  mpicc -DHAVE_CONFIG_H -I. -I.. -I/home1/02176/nsguser/applications/neuron7.3/nrn/include/nrn -I/home1/02176/nsguser/applications/neuron7.3/nrn/x86_64/lib -g -O2 -c Nicotin.c  -fPIC -DPIC -o .libs/Nicotin.o
"/home1/02176/nsguser/applications/neuron7.3/nrn/x86_64/bin/nocmodl" nmdanet
"/home1/02176/nsguser/applications/neuron7.3/nrn/share/nrn/libtool" --tag=CC --mode=compile mpicc -DHAVE_CONFIG_H  -I. -I.. -I"/home1/02176/nsguser/applications/neuron7.3/nrn/include/nrn" -I"/home1/02176/nsguser/applications/neuron7.3/nrn/x86_64/lib"      -g -O2 -c -o nmdanet.lo nmdanet.c
libtool: compile:  mpicc -DHAVE_CONFIG_H -I. -I.. -I/home1/02176/nsguser/applications/neuron7.3/nrn/include/nrn -I/home1/02176/nsguser/applications/neuron7.3/nrn/x86_64/lib -g -O2 -c nmdanet.c  -fPIC -DPIC -o .libs/nmdanet.o
"/home1/02176/nsguser/applications/neuron7.3/nrn/x86_64/bin/nocmodl" OdorInput
"/home1/02176/nsguser/applications/neuron7.3/nrn/share/nrn/libtool" --tag=CC --mode=compile mpicc -DHAVE_CONFIG_H  -I. -I.. -I"/home1/02176/nsguser/applications/neuron7.3/nrn/include/nrn" -I"/home1/02176/nsguser/applications/neuron7.3/nrn/x86_64/lib"      -g -O2 -c -o OdorInput.lo OdorInput.c
libtool: compile:  mpicc -DHAVE_CONFIG_H -I. -I.. -I/home1/02176/nsguser/applications/neuron7.3/nrn/include/nrn -I/home1/02176/nsguser/applications/neuron7.3/nrn/x86_64/lib -g -O2 -c OdorInput.c  -fPIC -DPIC -o .libs/OdorInput.o
"/home1/02176/nsguser/applications/neuron7.3/nrn/x86_64/bin/nocmodl" order1
"/home1/02176/nsguser/applications/neuron7.3/nrn/share/nrn/libtool" --tag=CC --mode=compile mpicc -DHAVE_CONFIG_H  -I. -I.. -I"/home1/02176/nsguser/applications/neuron7.3/nrn/include/nrn" -I"/home1/02176/nsguser/applications/neuron7.3/nrn/x86_64/lib"      -g -O2 -c -o order1.lo order1.c
libtool: compile:  mpicc -DHAVE_CONFIG_H -I. -I.. -I/home1/02176/nsguser/applications/neuron7.3/nrn/include/nrn -I/home1/02176/nsguser/applications/neuron7.3/nrn/x86_64/lib -g -O2 -c order1.c  -fPIC -DPIC -o .libs/order1.o
"/home1/02176/nsguser/applications/neuron7.3/nrn/x86_64/bin/nocmodl" pnetstim
Notice: ARTIFICIAL_CELL is a synonym for POINT_PROCESS which hints that it
only affects and is affected by discrete events. As such it is not
located in a section and is not associated with an integrator
"/home1/02176/nsguser/applications/neuron7.3/nrn/share/nrn/libtool" --tag=CC --mode=compile mpicc -DHAVE_CONFIG_H  -I. -I.. -I"/home1/02176/nsguser/applications/neuron7.3/nrn/include/nrn" -I"/home1/02176/nsguser/applications/neuron7.3/nrn/x86_64/lib"      -g -O2 -c -o pnetstim.lo pnetstim.c
libtool: compile:  mpicc -DHAVE_CONFIG_H -I. -I.. -I/home1/02176/nsguser/applications/neuron7.3/nrn/include/nrn -I/home1/02176/nsguser/applications/neuron7.3/nrn/x86_64/lib -g -O2 -c pnetstim.c  -fPIC -DPIC -o .libs/pnetstim.o
"/home1/02176/nsguser/applications/neuron7.3/nrn/x86_64/bin/nocmodl" thetastim
Notice: ARTIFICIAL_CELL is a synonym for POINT_PROCESS which hints that it
only affects and is affected by discrete events. As such it is not
located in a section and is not associated with an integrator
"/home1/02176/nsguser/applications/neuron7.3/nrn/share/nrn/libtool" --tag=CC --mode=compile mpicc -DHAVE_CONFIG_H  -I. -I.. -I"/home1/02176/nsguser/applications/neuron7.3/nrn/include/nrn" -I"/home1/02176/nsguser/applications/neuron7.3/nrn/x86_64/lib"      -g -O2 -c -o thetastim.lo thetastim.c
libtool: compile:  mpicc -DHAVE_CONFIG_H -I. -I.. -I/home1/02176/nsguser/applications/neuron7.3/nrn/include/nrn -I/home1/02176/nsguser/applications/neuron7.3/nrn/x86_64/lib -g -O2 -c thetastim.c  -fPIC -DPIC -o .libs/thetastim.o
"/home1/02176/nsguser/applications/neuron7.3/nrn/x86_64/bin/nocmodl" ThreshDetect
"/home1/02176/nsguser/applications/neuron7.3/nrn/share/nrn/libtool" --tag=CC --mode=compile mpicc -DHAVE_CONFIG_H  -I. -I.. -I"/home1/02176/nsguser/applications/neuron7.3/nrn/include/nrn" -I"/home1/02176/nsguser/applications/neuron7.3/nrn/x86_64/lib"      -g -O2 -c -o ThreshDetect.lo ThreshDetect.c
libtool: compile:  mpicc -DHAVE_CONFIG_H -I. -I.. -I/home1/02176/nsguser/applications/neuron7.3/nrn/include/nrn -I/home1/02176/nsguser/applications/neuron7.3/nrn/x86_64/lib -g -O2 -c ThreshDetect.c  -fPIC -DPIC -o .libs/ThreshDetect.o
"/home1/02176/nsguser/applications/neuron7.3/nrn/x86_64/bin/nocmodl" vecstim1
Notice: ARTIFICIAL_CELL is a synonym for POINT_PROCESS which hints that it
only affects and is affected by discrete events. As such it is not
located in a section and is not associated with an integrator
"/home1/02176/nsguser/applications/neuron7.3/nrn/share/nrn/libtool" --tag=CC --mode=compile mpicc -DHAVE_CONFIG_H  -I. -I.. -I"/home1/02176/nsguser/applications/neuron7.3/nrn/include/nrn" -I"/home1/02176/nsguser/applications/neuron7.3/nrn/x86_64/lib"      -g -O2 -c -o vecstim1.lo vecstim1.c
libtool: compile:  mpicc -DHAVE_CONFIG_H -I. -I.. -I/home1/02176/nsguser/applications/neuron7.3/nrn/include/nrn -I/home1/02176/nsguser/applications/neuron7.3/nrn/x86_64/lib -g -O2 -c vecstim1.c  -fPIC -DPIC -o .libs/vecstim1.o
"/home1/02176/nsguser/applications/neuron7.3/nrn/x86_64/bin/nocmodl" vecstim
"/home1/02176/nsguser/applications/neuron7.3/nrn/share/nrn/libtool" --tag=CC --mode=compile mpicc -DHAVE_CONFIG_H  -I. -I.. -I"/home1/02176/nsguser/applications/neuron7.3/nrn/include/nrn" -I"/home1/02176/nsguser/applications/neuron7.3/nrn/x86_64/lib"      -g -O2 -c -o vecstim.lo vecstim.c
libtool: compile:  mpicc -DHAVE_CONFIG_H -I. -I.. -I/home1/02176/nsguser/applications/neuron7.3/nrn/include/nrn -I/home1/02176/nsguser/applications/neuron7.3/nrn/x86_64/lib -g -O2 -c vecstim.c  -fPIC -DPIC -o .libs/vecstim.o
"/home1/02176/nsguser/applications/neuron7.3/nrn/share/nrn/libtool" --tag=CC --mode=compile mpicc -DHAVE_CONFIG_H  -I. -I.. -I"/home1/02176/nsguser/applications/neuron7.3/nrn/include/nrn" -I"/home1/02176/nsguser/applications/neuron7.3/nrn/x86_64/lib"      -g -O2 -c -o mod_func.lo mod_func.c
libtool: compile:  mpicc -DHAVE_CONFIG_H -I. -I.. -I/home1/02176/nsguser/applications/neuron7.3/nrn/include/nrn -I/home1/02176/nsguser/applications/neuron7.3/nrn/x86_64/lib -g -O2 -c mod_func.c  -fPIC -DPIC -o .libs/mod_func.o
"/home1/02176/nsguser/applications/neuron7.3/nrn/share/nrn/libtool" --tag=CC --mode=link mpicc -module  -g -O2    -o libnrnmech.la -rpath "/home1/02176/nsguser/applications/neuron7.3/nrn/x86_64/lib"  ampanmda.lo cadecay2.lo cadecay.lo Caint.lo Can.lo CaPN.lo CaT.lo fi.lo GradeAMPA.lo GradeGABA.lo GradNMDA.lo hpg.lo kamt.lo KCa.lo kdrmt.lo kfasttab.lo kM.lo kslowtab.lo KS.lo LCa.lo nafast.lo NaP.lo naxn.lo Nicotin.lo nmdanet.lo OdorInput.lo order1.lo pnetstim.lo thetastim.lo ThreshDetect.lo vecstim1.lo vecstim.lo mod_func.lo  -L"/home1/02176/nsguser/applications/neuron7.3/nrn/x86_64/lib" -lnrnoc -loc -lmemacs -lnrnmpi -lscopmath -lsparse13 -lreadline -lncurses -L"/home1/02176/nsguser/applications/neuron7.3/nrn/x86_64/lib" "/home1/02176/nsguser/applications/neuron7.3/nrn/x86_64/lib/libnrniv.la" -livoc -lneuron_gnu -lmeschach -lsundials -livos      -lm -ldl
libtool: link: mpicc -shared  .libs/ampanmda.o .libs/cadecay2.o .libs/cadecay.o .libs/Caint.o .libs/Can.o .libs/CaPN.o .libs/CaT.o .libs/fi.o .libs/GradeAMPA.o .libs/GradeGABA.o .libs/GradNMDA.o .libs/hpg.o .libs/kamt.o .libs/KCa.o .libs/kdrmt.o .libs/kfasttab.o .libs/kM.o .libs/kslowtab.o .libs/KS.o .libs/LCa.o .libs/nafast.o .libs/NaP.o .libs/naxn.o .libs/Nicotin.o .libs/nmdanet.o .libs/OdorInput.o .libs/order1.o .libs/pnetstim.o .libs/thetastim.o .libs/ThreshDetect.o .libs/vecstim1.o .libs/vecstim.o .libs/mod_func.o   -Wl,-rpath -Wl,/home1/02176/nsguser/applications/neuron7.3/nrn/x86_64/lib -Wl,-rpath -Wl,/opt/apps/intel13/mvapich2/1.9/lib -Wl,-rpath -Wl,/opt/apps/limic2/0.5.5/lib -Wl,-rpath -Wl,/home1/02176/nsguser/applications/neuron7.3/nrn/x86_64/lib -Wl,-rpath -Wl,/opt/apps/intel13/mvapich2/1.9/lib -Wl,-rpath -Wl,/opt/apps/limic2/0.5.5/lib -L/home1/02176/nsguser/applications/neuron7.3/nrn/x86_64/lib /home1/02176/nsguser/applications/neuron7.3/nrn/x86_64/lib/libnrnoc.so /home1/02176/nsguser/applications/neuron7.3/nrn/x86_64/lib/liboc.so /home1/02176/nsguser/applications/neuron7.3/nrn/x86_64/lib/libmemacs.so /home1/02176/nsguser/applications/neuron7.3/nrn/x86_64/lib/libnrnmpi.so /home1/02176/nsguser/applications/neuron7.3/nrn/x86_64/lib/libscopmath.so /home1/02176/nsguser/applications/neuron7.3/nrn/x86_64/lib/libsparse13.so -lreadline -lncurses /home1/02176/nsguser/applications/neuron7.3/nrn/x86_64/lib/libnrniv.so -L/opt/apps/intel13/mvapich2/1.9/lib -L./src/mpl -L./src/openpa/src -L./src/mpid/ch3/channels/mrail/src/hwloc/src -L/admin/build/admin/rpms/stampede/BUILD/mvapich2-1.9a2/src/mpid/ch3/channels/mrail/src/hwloc/src -L/opt/apps/limic2/0.5.5/lib /home1/02176/nsguser/applications/neuron7.3/nrn/x86_64/lib/libivoc.so /home1/02176/nsguser/applications/neuron7.3/nrn/x86_64/lib/libneuron_gnu.so /home1/02176/nsguser/applications/neuron7.3/nrn/x86_64/lib/libmeschach.so /home1/02176/nsguser/applications/neuron7.3/nrn/x86_64/lib/libsundials.so /home1/02176/nsguser/applications/neuron7.3/nrn/x86_64/lib/libivos.so /opt/apps/intel13/mvapich2/1.9/lib/libmpichcxx.so -L/opt/ofed/lib64/ -L/lib -L/opt/apps/limic2/0.5.5//lib -L/opt/ofed/lib64 /opt/apps/intel13/mvapich2/1.9/lib/libmpich.so /opt/apps/intel13/mvapich2/1.9/lib/libopa.so /opt/apps/intel13/mvapich2/1.9/lib/libmpl.so /opt/apps/limic2/0.5.5/lib/liblimic2.so -lm -ldl    -Wl,-soname -Wl,libnrnmech.so.0 -o .libs/libnrnmech.so.0.0.0
libtool: link: (cd ".libs" && rm -f "libnrnmech.so.0" && ln -s "libnrnmech.so.0.0.0" "libnrnmech.so.0")
libtool: link: (cd ".libs" && rm -f "libnrnmech.so" && ln -s "libnrnmech.so.0.0.0" "libnrnmech.so")
libtool: link: ( cd ".libs" && rm -f "libnrnmech.la" && ln -s "../libnrnmech.la" "libnrnmech.la" )
Successfully created x86_64/special
